#
# There is insufficient memory for the Java Runtime Environment to continue.
# Native memory allocation (malloc) failed to allocate 1743056 bytes for Chunk::new
# Possible reasons:
#   The system is out of physical RAM or swap space
#   The process is running with CompressedOops enabled, and the Java Heap may be blocking the growth of the native heap
# Possible solutions:
#   Reduce memory load on the system
#   Increase physical memory or swap space
#   Check if swap backing store is full
#   Decrease Java heap size (-Xmx/-Xms)
#   Decrease number of Java threads
#   Decrease Java thread stack sizes (-Xss)
#   Set larger code cache with -XX:ReservedCodeCacheSize=
#   JVM is running with Unscaled Compressed Oops mode in which the Java heap is
#     placed in the first 4GB address space. The Java Heap base address is the
#     maximum limit for the native heap growth. Please use -XX:HeapBaseMinAddress
#     to set the Java Heap base and to place the Java Heap above 4GB virtual address.
# This output file may be truncated or incomplete.
#
#  Out of Memory Error (c:/workspace/9-2-build-windows-amd64-cygwin-phase2/jdk9/6725/hotspot/src/share/vm/memory/allocation.cpp:372), pid=12780, tid=3120
#
# JRE version: Java(TM) SE Runtime Environment (9.0+181) (build 9+181)
# Java VM: Java HotSpot(TM) 64-Bit Server VM (9+181, mixed mode, tiered, compressed oops, g1 gc, windows-amd64)
# No core dump will be written. Minidumps are not enabled by default on client versions of Windows
#

---------------  S U M M A R Y ------------

Command Line: -javaagent:C:\Program Files\JetBrains\IntelliJ IDEA Community Edition 2017.2\lib\idea_rt.jar=59553:C:\Program Files\JetBrains\IntelliJ IDEA Community Edition 2017.2\bin -Dfile.encoding=UTF-8 org.szelc.app.antstock.Main

Host: Intel(R) Core(TM) i7-4610M CPU @ 3.00GHz, 4 cores, 7G,  Windows 10 , 64 bit Build 14393 (10.0.14393.1198)
Time: Tue Nov 28 08:50:09 2017 ?rodkowoeuropejski czas stand. elapsed time: 9 seconds (0d 0h 0m 9s)

---------------  T H R E A D  ---------------

Current thread (0x000001acc09bf000):  JavaThread "C2 CompilerThread1" daemon [_thread_in_native, id=3120, stack(0x0000002a80400000,0x0000002a80500000)]


Current CompileTask:
C2:   9589 3742       4       java.lang.String::split (324 bytes)

Stack: [0x0000002a80400000,0x0000002a80500000]
Native frames: (J=compiled Java code, j=interpreted, Vv=VM code, C=native code)
V  [jvm.dll+0x587108]
V  [jvm.dll+0x69c14e]
V  [jvm.dll+0x69d06a]
V  [jvm.dll+0x69d6a3]
V  [jvm.dll+0x21d3f8]
V  [jvm.dll+0xa7bac]
V  [jvm.dll+0xa84ec]
V  [jvm.dll+0x3212f5]
V  [jvm.dll+0x2e7c6a]
V  [jvm.dll+0x2e71fa]
V  [jvm.dll+0x1e9c11]
V  [jvm.dll+0x1e8eb6]
V  [jvm.dll+0x16916b]
V  [jvm.dll+0x1f6680]
V  [jvm.dll+0x1f5306]
V  [jvm.dll+0x66b1af]
V  [jvm.dll+0x586530]
C  [msvcr120.dll+0x24f7f]
C  [msvcr120.dll+0x25126]
C  [KERNEL32.DLL+0x8364]
C  [ntdll.dll+0x67091]


---------------  P R O C E S S  ---------------

Java Threads: ( => current thread )
  0x000001acc1fa9800 JavaThread "Thread-3" daemon [_thread_in_vm, id=17500, stack(0x0000002a81b00000,0x0000002a81c00000)]
  0x000001acc1fab800 JavaThread "Keep-Alive-Timer" daemon [_thread_blocked, id=2404, stack(0x0000002a81900000,0x0000002a81a00000)]
  0x000001acc1fab000 JavaThread "URL-Loader-3" daemon [_thread_blocked, id=15212, stack(0x0000002a81700000,0x0000002a81800000)]
  0x000001acc1faa000 JavaThread "URL-Loader-2" daemon [_thread_blocked, id=18768, stack(0x0000002a81600000,0x0000002a81700000)]
  0x000001acc1fa7000 JavaThread "URL-Loader-1" daemon [_thread_blocked, id=7636, stack(0x0000002a81500000,0x0000002a81600000)]
  0x000001acc24a0800 JavaThread "Disposer" daemon [_thread_blocked, id=11832, stack(0x0000002a81400000,0x0000002a81500000)]
  0x000001acc13a4000 JavaThread "Java2D Disposer" daemon [_thread_blocked, id=14132, stack(0x0000002a81300000,0x0000002a81400000)]
  0x000001acc1da0800 JavaThread "Thread-2" daemon [_thread_in_native, id=7664, stack(0x0000002a81100000,0x0000002a81200000)]
  0x000001acc1c50000 JavaThread "JavaFX-Launcher" [_thread_blocked, id=16760, stack(0x0000002a81200000,0x0000002a81300000)]
  0x000001acc1e3d000 JavaThread "JavaFX Application Thread" [_thread_in_Java, id=12928, stack(0x0000002a80d00000,0x0000002a80e00000)]
  0x000001acc1dd1800 JavaThread "InvokeLaterDispatcher" daemon [_thread_blocked, id=19532, stack(0x0000002a80c00000,0x0000002a80d00000)]
  0x000001acc102a000 JavaThread "QuantumRenderer-0" daemon [_thread_blocked, id=17728, stack(0x0000002a80b00000,0x0000002a80c00000)]
  0x000001acc0d25000 JavaThread "Service Thread" daemon [_thread_blocked, id=13348, stack(0x0000002a80900000,0x0000002a80a00000)]
  0x000001acc0d24800 JavaThread "Monitor Ctrl-Break" daemon [_thread_in_native, id=6644, stack(0x0000002a80800000,0x0000002a80900000)]
  0x000001acc09d4000 JavaThread "Common-Cleaner" daemon [_thread_blocked, id=1556, stack(0x0000002a80700000,0x0000002a80800000)]
  0x000001acc09c6800 JavaThread "Sweeper thread" daemon [_thread_blocked, id=112, stack(0x0000002a80600000,0x0000002a80700000)]
  0x000001acc09bf800 JavaThread "C1 CompilerThread2" daemon [_thread_in_native, id=18752, stack(0x0000002a80500000,0x0000002a80600000)]
=>0x000001acc09bf000 JavaThread "C2 CompilerThread1" daemon [_thread_in_native, id=3120, stack(0x0000002a80400000,0x0000002a80500000)]
  0x000001acc0951800 JavaThread "C2 CompilerThread0" daemon [_thread_in_native, id=12276, stack(0x0000002a80300000,0x0000002a80400000)]
  0x000001acc0950800 JavaThread "Attach Listener" daemon [_thread_blocked, id=17480, stack(0x0000002a80200000,0x0000002a80300000)]
  0x000001acc094f800 JavaThread "Signal Dispatcher" daemon [_thread_blocked, id=13672, stack(0x0000002a80100000,0x0000002a80200000)]
  0x000001acc0903000 JavaThread "Finalizer" daemon [_thread_blocked, id=12688, stack(0x0000002a80000000,0x0000002a80100000)]
  0x000001acc08f7800 JavaThread "Reference Handler" daemon [_thread_blocked, id=5212, stack(0x0000002afff00000,0x0000002b00000000)]
  0x000001ac9d594800 JavaThread "main" [_thread_blocked, id=18364, stack(0x0000002aff200000,0x0000002aff300000)]

Other Threads:
  0x000001acc08f4000 VMThread "VM Thread" [stack: 0x0000002affe00000,0x0000002afff00000] [id=8208]
  0x000001acc0ce2800 WatcherThread [stack: 0x0000002a80a00000,0x0000002a80b00000] [id=5088]
  0x000001ac9d5ac000 GCTaskThread "GC Thread#0" [stack: 0x0000002aff300000,0x0000002aff400000] [id=19692]
  0x000001ac9d5ae000 GCTaskThread "GC Thread#1" [stack: 0x0000002aff400000,0x0000002aff500000] [id=1200]
  0x000001ac9d5b0000 GCTaskThread "GC Thread#2" [stack: 0x0000002aff500000,0x0000002aff600000] [id=17076]
  0x000001ac9d5b2800 GCTaskThread "GC Thread#3" [stack: 0x0000002aff600000,0x0000002aff700000] [id=10700]
  0x000001ac9d62b000 ConcurrentGCThread "G1 Main Marker" [stack: 0x0000002affc00000,0x0000002affd00000] [id=18064]
  0x000001ac9d62c000 ConcurrentGCThread "G1 Marker#0" [stack: 0x0000002affd00000,0x0000002affe00000] [id=5852]
  0x000001ac9d5be000 ConcurrentGCThread "G1 Refine#0" [stack: 0x0000002affa00000,0x0000002affb00000] [id=14416]
  0x000001ac9d5bd000 ConcurrentGCThread "G1 Refine#1" [stack: 0x0000002aff900000,0x0000002affa00000] [id=18508]
  0x000001ac9d5ba800 ConcurrentGCThread "G1 Refine#2" [stack: 0x0000002aff800000,0x0000002aff900000] [id=5912]
  0x000001ac9d5b9800 ConcurrentGCThread "G1 Refine#3" [stack: 0x0000002aff700000,0x0000002aff800000] [id=8784]
  0x000001ac9d5c0000 ConcurrentGCThread "G1 Young RemSet Sampling" [stack: 0x0000002affb00000,0x0000002affc00000] [id=12124]

Threads with active compile tasks:
C1 CompilerThread23922       2       sun.net.www.protocol.jar.Handler::parseContextSpec (154 bytes)
C2 CompilerThread13742       4       java.lang.String::split (324 bytes)
C2 CompilerThread03740       4       java.lang.String::split (7 bytes)

VM state:not at safepoint (normal execution)

VM Mutex/Monitor currently owned by a thread: None

Heap address: 0x0000000081600000, size: 2026 MB, Compressed Oops mode: 32-bit
Narrow klass base: 0x0000000000000000, Narrow klass shift: 3
Compressed class space size: 1073741824 Address: 0x0000000100000000

Heap:
 garbage-first heap   total 352256K, used 144384K [0x0000000081600000, 0x0000000081700ac0, 0x0000000100000000)
  region size 1024K, 28 young (28672K), 5 survivors (5120K)
 Metaspace       used 30294K, capacity 32550K, committed 32640K, reserved 1077248K
  class space    used 3731K, capacity 4139K, committed 4224K, reserved 1048576K
Heap Regions: E=young(eden), S=young(survivor), O=old, HS=humongous(starts), HC=humongous(continues), CS=collection set, F=free, A=archive, TS=gc time stamp, AC=allocation context, TAMS=top-at-mark-start (previous, next)
|   0|0x0000000081600000, 0x0000000081700000, 0x0000000081700000|100%|HS|  |TS  0|AC  0|TAMS 0x0000000081700000, 0x0000000081700000|
|   1|0x0000000081700000, 0x0000000081800000, 0x0000000081800000|100%|HS|  |TS  0|AC  0|TAMS 0x0000000081800000, 0x0000000081800000|
|   2|0x0000000081800000, 0x0000000081900000, 0x0000000081900000|100%|HS|  |TS  0|AC  0|TAMS 0x0000000081900000, 0x0000000081900000|
|   3|0x0000000081900000, 0x0000000081a00000, 0x0000000081a00000|100%| O|  |TS  0|AC  0|TAMS 0x0000000081a00000, 0x0000000081a00000|
|   4|0x0000000081a00000, 0x0000000081b00000, 0x0000000081b00000|100%| O|  |TS  1|AC  0|TAMS 0x0000000081aafa00, 0x0000000081aafa00|
|   5|0x0000000081b00000, 0x0000000081c00000, 0x0000000081c00000|100%| O|  |TS  1|AC  0|TAMS 0x0000000081b00000, 0x0000000081b00000|
|   6|0x0000000081c00000, 0x0000000081d00000, 0x0000000081d00000|100%| O|  |TS  1|AC  0|TAMS 0x0000000081c00000, 0x0000000081c00000|
|   7|0x0000000081d00000, 0x0000000081e00000, 0x0000000081e00000|100%| O|  |TS  1|AC  0|TAMS 0x0000000081d00000, 0x0000000081d00000|
|   8|0x0000000081e00000, 0x0000000081f00000, 0x0000000081f00000|100%| O|  |TS  1|AC  0|TAMS 0x0000000081e00000, 0x0000000081e00000|
|   9|0x0000000081f00000, 0x0000000082000000, 0x0000000082000000|100%| O|  |TS  3|AC  0|TAMS 0x0000000081f00000, 0x0000000081f00000|
|  10|0x0000000082000000, 0x0000000082100000, 0x0000000082100000|100%| O|  |TS  3|AC  0|TAMS 0x0000000082000000, 0x0000000082000000|
|  11|0x0000000082100000, 0x0000000082200000, 0x0000000082200000|100%| O|  |TS  3|AC  0|TAMS 0x0000000082100000, 0x0000000082100000|
|  12|0x0000000082200000, 0x0000000082300000, 0x0000000082300000|100%| O|  |TS  3|AC  0|TAMS 0x0000000082200000, 0x0000000082200000|
|  13|0x0000000082300000, 0x0000000082400000, 0x0000000082400000|100%| O|  |TS  5|AC  0|TAMS 0x0000000082300000, 0x0000000082300000|
|  14|0x0000000082400000, 0x0000000082500000, 0x0000000082500000|100%| O|  |TS  5|AC  0|TAMS 0x0000000082400000, 0x0000000082400000|
|  15|0x0000000082500000, 0x0000000082600000, 0x0000000082600000|100%| O|  |TS  5|AC  0|TAMS 0x0000000082500000, 0x0000000082500000|
|  16|0x0000000082600000, 0x0000000082700000, 0x0000000082700000|100%| O|  |TS  5|AC  0|TAMS 0x0000000082600000, 0x0000000082600000|
|  17|0x0000000082700000, 0x0000000082800000, 0x0000000082800000|100%| O|  |TS  7|AC  0|TAMS 0x0000000082700000, 0x0000000082700000|
|  18|0x0000000082800000, 0x0000000082900000, 0x0000000082900000|100%| O|  |TS  7|AC  0|TAMS 0x0000000082800000, 0x0000000082800000|
|  19|0x0000000082900000, 0x0000000082a00000, 0x0000000082a00000|100%| O|  |TS  7|AC  0|TAMS 0x0000000082900000, 0x0000000082900000|
|  20|0x0000000082a00000, 0x0000000082b00000, 0x0000000082b00000|100%| O|  |TS  7|AC  0|TAMS 0x0000000082a00000, 0x0000000082a00000|
|  21|0x0000000082b00000, 0x0000000082c00000, 0x0000000082c00000|100%| O|  |TS  9|AC  0|TAMS 0x0000000082b00000, 0x0000000082b00000|
|  22|0x0000000082c00000, 0x0000000082d00000, 0x0000000082d00000|100%| O|  |TS  9|AC  0|TAMS 0x0000000082c00000, 0x0000000082c00000|
|  23|0x0000000082d00000, 0x0000000082e00000, 0x0000000082e00000|100%| O|  |TS  9|AC  0|TAMS 0x0000000082d00000, 0x0000000082d00000|
|  24|0x0000000082e00000, 0x0000000082f00000, 0x0000000082f00000|100%| O|  |TS  9|AC  0|TAMS 0x0000000082e00000, 0x0000000082e00000|
|  25|0x0000000082f00000, 0x0000000083000000, 0x0000000083000000|100%| O|  |TS  9|AC  0|TAMS 0x0000000082f00000, 0x0000000082f00000|
|  26|0x0000000083000000, 0x0000000083100000, 0x0000000083100000|100%| O|  |TS 11|AC  0|TAMS 0x0000000083000000, 0x0000000083000000|
|  27|0x0000000083100000, 0x0000000083200000, 0x0000000083200000|100%| O|  |TS 11|AC  0|TAMS 0x0000000083100000, 0x0000000083100000|
|  28|0x0000000083200000, 0x0000000083300000, 0x0000000083300000|100%| O|  |TS 11|AC  0|TAMS 0x0000000083200000, 0x0000000083200000|
|  29|0x0000000083300000, 0x0000000083400000, 0x0000000083400000|100%| O|  |TS 11|AC  0|TAMS 0x0000000083300000, 0x0000000083300000|
|  30|0x0000000083400000, 0x0000000083500000, 0x0000000083500000|100%| O|  |TS 11|AC  0|TAMS 0x0000000083400000, 0x0000000083400000|
|  31|0x0000000083500000, 0x0000000083600000, 0x0000000083600000|100%| O|  |TS 11|AC  0|TAMS 0x0000000083500000, 0x0000000083500000|
|  32|0x0000000083600000, 0x0000000083700000, 0x0000000083700000|100%| O|  |TS 13|AC  0|TAMS 0x0000000083600000, 0x0000000083600000|
|  33|0x0000000083700000, 0x0000000083800000, 0x0000000083800000|100%| O|  |TS 13|AC  0|TAMS 0x0000000083700000, 0x0000000083700000|
|  34|0x0000000083800000, 0x0000000083900000, 0x0000000083900000|100%| O|  |TS 13|AC  0|TAMS 0x0000000083800000, 0x0000000083800000|
|  35|0x0000000083900000, 0x0000000083a00000, 0x0000000083a00000|100%| O|  |TS 13|AC  0|TAMS 0x0000000083900000, 0x0000000083900000|
|  36|0x0000000083a00000, 0x0000000083b00000, 0x0000000083b00000|100%| O|  |TS 13|AC  0|TAMS 0x0000000083a00000, 0x0000000083a00000|
|  37|0x0000000083b00000, 0x0000000083c00000, 0x0000000083c00000|100%| O|  |TS 13|AC  0|TAMS 0x0000000083b00000, 0x0000000083b00000|
|  38|0x0000000083c00000, 0x0000000083d00000, 0x0000000083d00000|100%| O|  |TS 13|AC  0|TAMS 0x0000000083c00000, 0x0000000083c00000|
|  39|0x0000000083d00000, 0x0000000083e00000, 0x0000000083e00000|100%| O|  |TS 15|AC  0|TAMS 0x0000000083d00000, 0x0000000083d00000|
|  40|0x0000000083e00000, 0x0000000083f00000, 0x0000000083f00000|100%| O|  |TS 15|AC  0|TAMS 0x0000000083e00000, 0x0000000083e00000|
|  41|0x0000000083f00000, 0x0000000084000000, 0x0000000084000000|100%| O|  |TS 15|AC  0|TAMS 0x0000000083f00000, 0x0000000083f00000|
|  42|0x0000000084000000, 0x0000000084100000, 0x0000000084100000|100%| O|  |TS 15|AC  0|TAMS 0x0000000084000000, 0x0000000084000000|
|  43|0x0000000084100000, 0x0000000084200000, 0x0000000084200000|100%| O|  |TS 15|AC  0|TAMS 0x0000000084100000, 0x0000000084100000|
|  44|0x0000000084200000, 0x0000000084300000, 0x0000000084300000|100%| O|  |TS 15|AC  0|TAMS 0x0000000084200000, 0x0000000084200000|
|  45|0x0000000084300000, 0x0000000084400000, 0x0000000084400000|100%| O|  |TS 17|AC  0|TAMS 0x0000000084300000, 0x0000000084300000|
|  46|0x0000000084400000, 0x0000000084500000, 0x0000000084500000|100%| O|  |TS 17|AC  0|TAMS 0x0000000084400000, 0x0000000084400000|
|  47|0x0000000084500000, 0x0000000084600000, 0x0000000084600000|100%| O|  |TS 17|AC  0|TAMS 0x0000000084500000, 0x0000000084500000|
|  48|0x0000000084600000, 0x0000000084700000, 0x0000000084700000|100%| O|  |TS 17|AC  0|TAMS 0x0000000084600000, 0x0000000084600000|
|  49|0x0000000084700000, 0x0000000084800000, 0x0000000084800000|100%| O|  |TS 17|AC  0|TAMS 0x0000000084700000, 0x0000000084700000|
|  50|0x0000000084800000, 0x0000000084900000, 0x0000000084900000|100%| O|  |TS 17|AC  0|TAMS 0x0000000084800000, 0x0000000084800000|
|  51|0x0000000084900000, 0x0000000084a00000, 0x0000000084a00000|100%| O|  |TS 17|AC  0|TAMS 0x0000000084900000, 0x0000000084900000|
|  52|0x0000000084a00000, 0x0000000084b00000, 0x0000000084b00000|100%| O|  |TS 17|AC  0|TAMS 0x0000000084a00000, 0x0000000084a00000|
|  53|0x0000000084b00000, 0x0000000084c00000, 0x0000000084c00000|100%| O|  |TS 19|AC  0|TAMS 0x0000000084b00000, 0x0000000084b00000|
|  54|0x0000000084c00000, 0x0000000084d00000, 0x0000000084d00000|100%| O|  |TS 19|AC  0|TAMS 0x0000000084c00000, 0x0000000084c00000|
|  55|0x0000000084d00000, 0x0000000084e00000, 0x0000000084e00000|100%| O|  |TS 19|AC  0|TAMS 0x0000000084d00000, 0x0000000084d00000|
|  56|0x0000000084e00000, 0x0000000084f00000, 0x0000000084f00000|100%| O|  |TS 19|AC  0|TAMS 0x0000000084e00000, 0x0000000084e00000|
|  57|0x0000000084f00000, 0x0000000085000000, 0x0000000085000000|100%| O|  |TS 19|AC  0|TAMS 0x0000000084f00000, 0x0000000084f00000|
|  58|0x0000000085000000, 0x0000000085100000, 0x0000000085100000|100%| O|  |TS 19|AC  0|TAMS 0x0000000085000000, 0x0000000085000000|
|  59|0x0000000085100000, 0x0000000085200000, 0x0000000085200000|100%| O|  |TS 19|AC  0|TAMS 0x0000000085100000, 0x0000000085100000|
|  60|0x0000000085200000, 0x0000000085300000, 0x0000000085300000|100%| O|  |TS 21|AC  0|TAMS 0x0000000085200000, 0x0000000085200000|
|  61|0x0000000085300000, 0x0000000085400000, 0x0000000085400000|100%| O|  |TS 21|AC  0|TAMS 0x0000000085300000, 0x0000000085300000|
|  62|0x0000000085400000, 0x0000000085500000, 0x0000000085500000|100%| O|  |TS 21|AC  0|TAMS 0x0000000085400000, 0x0000000085400000|
|  63|0x0000000085500000, 0x0000000085600000, 0x0000000085600000|100%| O|  |TS 21|AC  0|TAMS 0x0000000085500000, 0x0000000085500000|
|  64|0x0000000085600000, 0x0000000085700000, 0x0000000085700000|100%| O|  |TS 21|AC  0|TAMS 0x0000000085600000, 0x0000000085600000|
|  65|0x0000000085700000, 0x0000000085800000, 0x0000000085800000|100%| O|  |TS 21|AC  0|TAMS 0x0000000085700000, 0x0000000085700000|
|  66|0x0000000085800000, 0x0000000085900000, 0x0000000085900000|100%| O|  |TS 21|AC  0|TAMS 0x0000000085800000, 0x0000000085800000|
|  67|0x0000000085900000, 0x0000000085a00000, 0x0000000085a00000|100%| O|  |TS 21|AC  0|TAMS 0x0000000085900000, 0x0000000085900000|
|  68|0x0000000085a00000, 0x0000000085b00000, 0x0000000085b00000|100%| O|  |TS 21|AC  0|TAMS 0x0000000085a00000, 0x0000000085a00000|
|  69|0x0000000085b00000, 0x0000000085c00000, 0x0000000085c00000|100%| O|  |TS 21|AC  0|TAMS 0x0000000085b00000, 0x0000000085b00000|
|  70|0x0000000085c00000, 0x0000000085d00000, 0x0000000085d00000|100%| O|  |TS 23|AC  0|TAMS 0x0000000085c00000, 0x0000000085c00000|
|  71|0x0000000085d00000, 0x0000000085e00000, 0x0000000085e00000|100%| O|  |TS 23|AC  0|TAMS 0x0000000085d00000, 0x0000000085d00000|
|  72|0x0000000085e00000, 0x0000000085f00000, 0x0000000085f00000|100%| O|  |TS 23|AC  0|TAMS 0x0000000085e00000, 0x0000000085e00000|
|  73|0x0000000085f00000, 0x0000000086000000, 0x0000000086000000|100%| O|  |TS 23|AC  0|TAMS 0x0000000085f00000, 0x0000000085f00000|
|  74|0x0000000086000000, 0x0000000086100000, 0x0000000086100000|100%| O|  |TS 23|AC  0|TAMS 0x0000000086000000, 0x0000000086000000|
|  75|0x0000000086100000, 0x0000000086200000, 0x0000000086200000|100%| O|  |TS 23|AC  0|TAMS 0x0000000086100000, 0x0000000086100000|
|  76|0x0000000086200000, 0x0000000086300000, 0x0000000086300000|100%| O|  |TS 23|AC  0|TAMS 0x0000000086200000, 0x0000000086200000|
|  77|0x0000000086300000, 0x0000000086400000, 0x0000000086400000|100%| O|  |TS 25|AC  0|TAMS 0x0000000086300000, 0x0000000086300000|
|  78|0x0000000086400000, 0x0000000086500000, 0x0000000086500000|100%| O|  |TS 27|AC  0|TAMS 0x0000000086400000, 0x0000000086400000|
|  79|0x0000000086500000, 0x0000000086600000, 0x0000000086600000|100%| O|  |TS 27|AC  0|TAMS 0x0000000086500000, 0x0000000086500000|
|  80|0x0000000086600000, 0x0000000086700000, 0x0000000086700000|100%| O|  |TS 27|AC  0|TAMS 0x0000000086600000, 0x0000000086600000|
|  81|0x0000000086700000, 0x0000000086800000, 0x0000000086800000|100%| O|  |TS 27|AC  0|TAMS 0x0000000086700000, 0x0000000086700000|
|  82|0x0000000086800000, 0x0000000086900000, 0x0000000086900000|100%| O|  |TS 27|AC  0|TAMS 0x0000000086800000, 0x0000000086800000|
|  83|0x0000000086900000, 0x0000000086a00000, 0x0000000086a00000|100%| O|  |TS 27|AC  0|TAMS 0x0000000086900000, 0x0000000086900000|
|  84|0x0000000086a00000, 0x0000000086b00000, 0x0000000086b00000|100%| O|  |TS 27|AC  0|TAMS 0x0000000086a00000, 0x0000000086a00000|
|  85|0x0000000086b00000, 0x0000000086c00000, 0x0000000086c00000|100%| O|  |TS 27|AC  0|TAMS 0x0000000086b00000, 0x0000000086b00000|
|  86|0x0000000086c00000, 0x0000000086d00000, 0x0000000086d00000|100%| O|  |TS 27|AC  0|TAMS 0x0000000086c00000, 0x0000000086c00000|
|  87|0x0000000086d00000, 0x0000000086e00000, 0x0000000086e00000|100%| O|  |TS 27|AC  0|TAMS 0x0000000086d00000, 0x0000000086d00000|
|  88|0x0000000086e00000, 0x0000000086f00000, 0x0000000086f00000|100%| O|  |TS 27|AC  0|TAMS 0x0000000086e00000, 0x0000000086e00000|
|  89|0x0000000086f00000, 0x0000000087000000, 0x0000000087000000|100%| O|  |TS 27|AC  0|TAMS 0x0000000086f00000, 0x0000000086f00000|
|  90|0x0000000087000000, 0x0000000087100000, 0x0000000087100000|100%| O|  |TS 27|AC  0|TAMS 0x0000000087000000, 0x0000000087000000|
|  91|0x0000000087100000, 0x0000000087200000, 0x0000000087200000|100%| O|  |TS 27|AC  0|TAMS 0x0000000087100000, 0x0000000087100000|
|  92|0x0000000087200000, 0x0000000087300000, 0x0000000087300000|100%| O|  |TS 27|AC  0|TAMS 0x0000000087200000, 0x0000000087200000|
|  93|0x0000000087300000, 0x0000000087400000, 0x0000000087400000|100%| O|  |TS 27|AC  0|TAMS 0x0000000087300000, 0x0000000087300000|
|  94|0x0000000087400000, 0x0000000087500000, 0x0000000087500000|100%| O|  |TS 27|AC  0|TAMS 0x0000000087400000, 0x0000000087400000|
|  95|0x0000000087500000, 0x0000000087600000, 0x0000000087600000|100%| O|  |TS 27|AC  0|TAMS 0x0000000087500000, 0x0000000087500000|
|  96|0x0000000087600000, 0x0000000087700000, 0x0000000087700000|100%| O|  |TS 27|AC  0|TAMS 0x0000000087600000, 0x0000000087600000|
|  97|0x0000000087700000, 0x0000000087800000, 0x0000000087800000|100%| O|  |TS 29|AC  0|TAMS 0x0000000087700000, 0x0000000087700000|
|  98|0x0000000087800000, 0x0000000087800000, 0x0000000087900000|  0%| F|  |TS 29|AC  0|TAMS 0x0000000087800000, 0x0000000087800000|
|  99|0x0000000087900000, 0x0000000087900000, 0x0000000087a00000|  0%| F|  |TS 29|AC  0|TAMS 0x0000000087900000, 0x0000000087900000|
| 100|0x0000000087a00000, 0x0000000087a00000, 0x0000000087b00000|  0%| F|  |TS 29|AC  0|TAMS 0x0000000087a00000, 0x0000000087a00000|
| 101|0x0000000087b00000, 0x0000000087c00000, 0x0000000087c00000|100%|HS|  |TS 19|AC  0|TAMS 0x0000000087b00000, 0x0000000087b00000|
| 102|0x0000000087c00000, 0x0000000087d00000, 0x0000000087d00000|100%|HS|  |TS 25|AC  0|TAMS 0x0000000087c00000, 0x0000000087c00000|
| 103|0x0000000087d00000, 0x0000000087e00000, 0x0000000087e00000|100%| O|  |TS 29|AC  0|TAMS 0x0000000087d00000, 0x0000000087d00000|
| 104|0x0000000087e00000, 0x0000000087f00000, 0x0000000087f00000|100%| O|  |TS 29|AC  0|TAMS 0x0000000087e00000, 0x0000000087e00000|
| 105|0x0000000087f00000, 0x0000000088000000, 0x0000000088000000|100%| O|  |TS 29|AC  0|TAMS 0x0000000087f00000, 0x0000000087f00000|
| 106|0x0000000088000000, 0x0000000088100000, 0x0000000088100000|100%| O|  |TS 29|AC  0|TAMS 0x0000000088000000, 0x0000000088000000|
| 107|0x0000000088100000, 0x0000000088200000, 0x0000000088200000|100%| O|  |TS 29|AC  0|TAMS 0x0000000088100000, 0x0000000088100000|
| 108|0x0000000088200000, 0x0000000088300000, 0x0000000088300000|100%| O|  |TS 29|AC  0|TAMS 0x0000000088200000, 0x0000000088200000|
| 109|0x0000000088300000, 0x0000000088400000, 0x0000000088400000|100%| O|  |TS 29|AC  0|TAMS 0x0000000088300000, 0x0000000088300000|
| 110|0x0000000088400000, 0x0000000088500000, 0x0000000088500000|100%| O|  |TS 29|AC  0|TAMS 0x0000000088400000, 0x0000000088400000|
| 111|0x0000000088500000, 0x0000000088600000, 0x0000000088600000|100%| O|  |TS 29|AC  0|TAMS 0x0000000088500000, 0x0000000088500000|
| 112|0x0000000088600000, 0x0000000088700000, 0x0000000088700000|100%| O|  |TS 29|AC  0|TAMS 0x0000000088600000, 0x0000000088600000|
| 113|0x0000000088700000, 0x0000000088800000, 0x0000000088800000|100%| O|  |TS 29|AC  0|TAMS 0x0000000088700000, 0x0000000088700000|
| 114|0x0000000088800000, 0x0000000088900000, 0x0000000088900000|100%| O|  |TS 29|AC  0|TAMS 0x0000000088800000, 0x0000000088800000|
| 115|0x0000000088900000, 0x0000000088a00000, 0x0000000088a00000|100%| O|  |TS 29|AC  0|TAMS 0x0000000088900000, 0x0000000088900000|
| 116|0x0000000088a00000, 0x0000000088b00000, 0x0000000088b00000|100%| O|  |TS 29|AC  0|TAMS 0x0000000088a00000, 0x0000000088a00000|
| 117|0x0000000088b00000, 0x0000000088b00000, 0x0000000088c00000|  0%| F|  |TS 25|AC  0|TAMS 0x0000000088b00000, 0x0000000088b00000|
| 118|0x0000000088c00000, 0x0000000088c00000, 0x0000000088d00000|  0%| F|  |TS 23|AC  0|TAMS 0x0000000088c00000, 0x0000000088c00000|
| 119|0x0000000088d00000, 0x0000000088d00000, 0x0000000088e00000|  0%| F|  |TS 23|AC  0|TAMS 0x0000000088d00000, 0x0000000088d00000|
| 120|0x0000000088e00000, 0x0000000088e00000, 0x0000000088f00000|  0%| F|  |TS 23|AC  0|TAMS 0x0000000088e00000, 0x0000000088e00000|
| 121|0x0000000088f00000, 0x0000000088f00000, 0x0000000089000000|  0%| F|  |TS 23|AC  0|TAMS 0x0000000088f00000, 0x0000000088f00000|
| 122|0x0000000089000000, 0x0000000089000000, 0x0000000089100000|  0%| F|  |TS 23|AC  0|TAMS 0x0000000089000000, 0x0000000089000000|
| 123|0x0000000089100000, 0x0000000089100000, 0x0000000089200000|  0%| F|  |TS 23|AC  0|TAMS 0x0000000089100000, 0x0000000089100000|
| 124|0x0000000089200000, 0x0000000089200000, 0x0000000089300000|  0%| F|  |TS 23|AC  0|TAMS 0x0000000089200000, 0x0000000089200000|
| 125|0x0000000089300000, 0x0000000089300000, 0x0000000089400000|  0%| F|  |TS 23|AC  0|TAMS 0x0000000089300000, 0x0000000089300000|
| 126|0x0000000089400000, 0x0000000089400000, 0x0000000089500000|  0%| F|  |TS 23|AC  0|TAMS 0x0000000089400000, 0x0000000089400000|
| 127|0x0000000089500000, 0x0000000089500000, 0x0000000089600000|  0%| F|  |TS 23|AC  0|TAMS 0x0000000089500000, 0x0000000089500000|
| 128|0x0000000089600000, 0x0000000089600000, 0x0000000089700000|  0%| F|  |TS 23|AC  0|TAMS 0x0000000089600000, 0x0000000089600000|
| 129|0x0000000089700000, 0x0000000089700000, 0x0000000089800000|  0%| F|  |TS 23|AC  0|TAMS 0x0000000089700000, 0x0000000089700000|
| 130|0x0000000089800000, 0x0000000089800000, 0x0000000089900000|  0%| F|  |TS 23|AC  0|TAMS 0x0000000089800000, 0x0000000089800000|
| 131|0x0000000089900000, 0x0000000089900000, 0x0000000089a00000|  0%| F|  |TS 23|AC  0|TAMS 0x0000000089900000, 0x0000000089900000|
| 132|0x0000000089a00000, 0x0000000089a00000, 0x0000000089b00000|  0%| F|  |TS 23|AC  0|TAMS 0x0000000089a00000, 0x0000000089a00000|
| 133|0x0000000089b00000, 0x0000000089b00000, 0x0000000089c00000|  0%| F|  |TS 23|AC  0|TAMS 0x0000000089b00000, 0x0000000089b00000|
| 134|0x0000000089c00000, 0x0000000089c00000, 0x0000000089d00000|  0%| F|  |TS 23|AC  0|TAMS 0x0000000089c00000, 0x0000000089c00000|
| 135|0x0000000089d00000, 0x0000000089d00000, 0x0000000089e00000|  0%| F|  |TS 23|AC  0|TAMS 0x0000000089d00000, 0x0000000089d00000|
| 136|0x0000000089e00000, 0x0000000089e00000, 0x0000000089f00000|  0%| F|  |TS 23|AC  0|TAMS 0x0000000089e00000, 0x0000000089e00000|
| 137|0x0000000089f00000, 0x0000000089f00000, 0x000000008a000000|  0%| F|  |TS 23|AC  0|TAMS 0x0000000089f00000, 0x0000000089f00000|
| 138|0x000000008a000000, 0x000000008a000000, 0x000000008a100000|  0%| F|  |TS 23|AC  0|TAMS 0x000000008a000000, 0x000000008a000000|
| 139|0x000000008a100000, 0x000000008a100000, 0x000000008a200000|  0%| F|  |TS 23|AC  0|TAMS 0x000000008a100000, 0x000000008a100000|
| 140|0x000000008a200000, 0x000000008a200000, 0x000000008a300000|  0%| F|  |TS 23|AC  0|TAMS 0x000000008a200000, 0x000000008a200000|
| 141|0x000000008a300000, 0x000000008a300000, 0x000000008a400000|  0%| F|  |TS 23|AC  0|TAMS 0x000000008a300000, 0x000000008a300000|
| 142|0x000000008a400000, 0x000000008a400000, 0x000000008a500000|  0%| F|  |TS 23|AC  0|TAMS 0x000000008a400000, 0x000000008a400000|
| 143|0x000000008a500000, 0x000000008a500000, 0x000000008a600000|  0%| F|  |TS 23|AC  0|TAMS 0x000000008a500000, 0x000000008a500000|
| 144|0x000000008a600000, 0x000000008a600000, 0x000000008a700000|  0%| F|  |TS 29|AC  0|TAMS 0x000000008a600000, 0x000000008a600000|
| 145|0x000000008a700000, 0x000000008a700000, 0x000000008a800000|  0%| F|  |TS 29|AC  0|TAMS 0x000000008a700000, 0x000000008a700000|
| 146|0x000000008a800000, 0x000000008a800000, 0x000000008a900000|  0%| F|  |TS 29|AC  0|TAMS 0x000000008a800000, 0x000000008a800000|
| 147|0x000000008a900000, 0x000000008a900000, 0x000000008aa00000|  0%| F|  |TS 29|AC  0|TAMS 0x000000008a900000, 0x000000008a900000|
| 148|0x000000008aa00000, 0x000000008aa00000, 0x000000008ab00000|  0%| F|  |TS 29|AC  0|TAMS 0x000000008aa00000, 0x000000008aa00000|
| 149|0x000000008ab00000, 0x000000008ab00000, 0x000000008ac00000|  0%| F|  |TS 29|AC  0|TAMS 0x000000008ab00000, 0x000000008ab00000|
| 150|0x000000008ac00000, 0x000000008ac00000, 0x000000008ad00000|  0%| F|  |TS 29|AC  0|TAMS 0x000000008ac00000, 0x000000008ac00000|
| 151|0x000000008ad00000, 0x000000008ad00000, 0x000000008ae00000|  0%| F|  |TS 29|AC  0|TAMS 0x000000008ad00000, 0x000000008ad00000|
| 152|0x000000008ae00000, 0x000000008ae00000, 0x000000008af00000|  0%| F|  |TS 29|AC  0|TAMS 0x000000008ae00000, 0x000000008ae00000|
| 153|0x000000008af00000, 0x000000008af00000, 0x000000008b000000|  0%| F|  |TS 29|AC  0|TAMS 0x000000008af00000, 0x000000008af00000|
| 154|0x000000008b000000, 0x000000008b000000, 0x000000008b100000|  0%| F|  |TS 29|AC  0|TAMS 0x000000008b000000, 0x000000008b000000|
| 155|0x000000008b100000, 0x000000008b100000, 0x000000008b200000|  0%| F|  |TS 29|AC  0|TAMS 0x000000008b100000, 0x000000008b100000|
| 156|0x000000008b200000, 0x000000008b200000, 0x000000008b300000|  0%| F|  |TS 29|AC  0|TAMS 0x000000008b200000, 0x000000008b200000|
| 157|0x000000008b300000, 0x000000008b300000, 0x000000008b400000|  0%| F|  |TS 29|AC  0|TAMS 0x000000008b300000, 0x000000008b300000|
| 158|0x000000008b400000, 0x000000008b400000, 0x000000008b500000|  0%| F|  |TS 29|AC  0|TAMS 0x000000008b400000, 0x000000008b400000|
| 159|0x000000008b500000, 0x000000008b500000, 0x000000008b600000|  0%| F|  |TS 27|AC  0|TAMS 0x000000008b500000, 0x000000008b500000|
| 160|0x000000008b600000, 0x000000008b600000, 0x000000008b700000|  0%| F|  |TS 27|AC  0|TAMS 0x000000008b600000, 0x000000008b600000|
| 161|0x000000008b700000, 0x000000008b700000, 0x000000008b800000|  0%| F|  |TS 27|AC  0|TAMS 0x000000008b700000, 0x000000008b700000|
| 162|0x000000008b800000, 0x000000008b800000, 0x000000008b900000|  0%| F|  |TS 27|AC  0|TAMS 0x000000008b800000, 0x000000008b800000|
| 163|0x000000008b900000, 0x000000008b900000, 0x000000008ba00000|  0%| F|  |TS 27|AC  0|TAMS 0x000000008b900000, 0x000000008b900000|
| 164|0x000000008ba00000, 0x000000008ba00000, 0x000000008bb00000|  0%| F|  |TS 27|AC  0|TAMS 0x000000008ba00000, 0x000000008ba00000|
| 165|0x000000008bb00000, 0x000000008bb00000, 0x000000008bc00000|  0%| F|  |TS 27|AC  0|TAMS 0x000000008bb00000, 0x000000008bb00000|
| 166|0x000000008bc00000, 0x000000008bc00000, 0x000000008bd00000|  0%| F|  |TS 27|AC  0|TAMS 0x000000008bc00000, 0x000000008bc00000|
| 167|0x000000008bd00000, 0x000000008bd00000, 0x000000008be00000|  0%| F|  |TS 27|AC  0|TAMS 0x000000008bd00000, 0x000000008bd00000|
| 168|0x000000008be00000, 0x000000008be00000, 0x000000008bf00000|  0%| F|  |TS 27|AC  0|TAMS 0x000000008be00000, 0x000000008be00000|
| 169|0x000000008bf00000, 0x000000008bf00000, 0x000000008c000000|  0%| F|  |TS 27|AC  0|TAMS 0x000000008bf00000, 0x000000008bf00000|
| 170|0x000000008c000000, 0x000000008c000000, 0x000000008c100000|  0%| F|  |TS 27|AC  0|TAMS 0x000000008c000000, 0x000000008c000000|
| 171|0x000000008c100000, 0x000000008c100000, 0x000000008c200000|  0%| F|  |TS 27|AC  0|TAMS 0x000000008c100000, 0x000000008c100000|
| 172|0x000000008c200000, 0x000000008c200000, 0x000000008c300000|  0%| F|  |TS 27|AC  0|TAMS 0x000000008c200000, 0x000000008c200000|
| 173|0x000000008c300000, 0x000000008c300000, 0x000000008c400000|  0%| F|  |TS 27|AC  0|TAMS 0x000000008c300000, 0x000000008c300000|
| 174|0x000000008c400000, 0x000000008c400000, 0x000000008c500000|  0%| F|  |TS 27|AC  0|TAMS 0x000000008c400000, 0x000000008c400000|
| 175|0x000000008c500000, 0x000000008c500000, 0x000000008c600000|  0%| F|  |TS 27|AC  0|TAMS 0x000000008c500000, 0x000000008c500000|
| 176|0x000000008c600000, 0x000000008c600000, 0x000000008c700000|  0%| F|  |TS 27|AC  0|TAMS 0x000000008c600000, 0x000000008c600000|
| 177|0x000000008c700000, 0x000000008c700000, 0x000000008c800000|  0%| F|  |TS 27|AC  0|TAMS 0x000000008c700000, 0x000000008c700000|
| 178|0x000000008c800000, 0x000000008c800000, 0x000000008c900000|  0%| F|  |TS 27|AC  0|TAMS 0x000000008c800000, 0x000000008c800000|
| 179|0x000000008c900000, 0x000000008c900000, 0x000000008ca00000|  0%| F|  |TS 27|AC  0|TAMS 0x000000008c900000, 0x000000008c900000|
| 180|0x000000008ca00000, 0x000000008ca00000, 0x000000008cb00000|  0%| F|  |TS 27|AC  0|TAMS 0x000000008ca00000, 0x000000008ca00000|
| 181|0x000000008cb00000, 0x000000008cb00000, 0x000000008cc00000|  0%| F|  |TS 27|AC  0|TAMS 0x000000008cb00000, 0x000000008cb00000|
| 182|0x000000008cc00000, 0x000000008cc00000, 0x000000008cd00000|  0%| F|  |TS 27|AC  0|TAMS 0x000000008cc00000, 0x000000008cc00000|
| 183|0x000000008cd00000, 0x000000008cd00000, 0x000000008ce00000|  0%| F|  |TS 27|AC  0|TAMS 0x000000008cd00000, 0x000000008cd00000|
| 184|0x000000008ce00000, 0x000000008ce00000, 0x000000008cf00000|  0%| F|  |TS 27|AC  0|TAMS 0x000000008ce00000, 0x000000008ce00000|
| 185|0x000000008cf00000, 0x000000008cf00000, 0x000000008d000000|  0%| F|  |TS 27|AC  0|TAMS 0x000000008cf00000, 0x000000008cf00000|
| 186|0x000000008d000000, 0x000000008d000000, 0x000000008d100000|  0%| F|  |TS 27|AC  0|TAMS 0x000000008d000000, 0x000000008d000000|
| 187|0x000000008d100000, 0x000000008d100000, 0x000000008d200000|  0%| F|  |TS 27|AC  0|TAMS 0x000000008d100000, 0x000000008d100000|
| 188|0x000000008d200000, 0x000000008d300000, 0x000000008d300000|100%| S|CS|TS 29|AC  0|TAMS 0x000000008d200000, 0x000000008d200000|
| 189|0x000000008d300000, 0x000000008d400000, 0x000000008d400000|100%| S|CS|TS 29|AC  0|TAMS 0x000000008d300000, 0x000000008d300000|
| 190|0x000000008d400000, 0x000000008d500000, 0x000000008d500000|100%| S|CS|TS 29|AC  0|TAMS 0x000000008d400000, 0x000000008d400000|
| 191|0x000000008d500000, 0x000000008d600000, 0x000000008d600000|100%| S|CS|TS 29|AC  0|TAMS 0x000000008d500000, 0x000000008d500000|
| 192|0x000000008d600000, 0x000000008d700000, 0x000000008d700000|100%| S|CS|TS 29|AC  0|TAMS 0x000000008d600000, 0x000000008d600000|
| 193|0x000000008d700000, 0x000000008d700000, 0x000000008d800000|  0%| F|  |TS 29|AC  0|TAMS 0x000000008d700000, 0x000000008d700000|
| 194|0x000000008d800000, 0x000000008d800000, 0x000000008d900000|  0%| F|  |TS 29|AC  0|TAMS 0x000000008d800000, 0x000000008d800000|
| 195|0x000000008d900000, 0x000000008d900000, 0x000000008da00000|  0%| F|  |TS 29|AC  0|TAMS 0x000000008d900000, 0x000000008d900000|
| 196|0x000000008da00000, 0x000000008da00000, 0x000000008db00000|  0%| F|  |TS 29|AC  0|TAMS 0x000000008da00000, 0x000000008da00000|
| 197|0x000000008db00000, 0x000000008db00000, 0x000000008dc00000|  0%| F|  |TS 29|AC  0|TAMS 0x000000008db00000, 0x000000008db00000|
| 198|0x000000008dc00000, 0x000000008dc00000, 0x000000008dd00000|  0%| F|  |TS 29|AC  0|TAMS 0x000000008dc00000, 0x000000008dc00000|
| 199|0x000000008dd00000, 0x000000008dd00000, 0x000000008de00000|  0%| F|  |TS 29|AC  0|TAMS 0x000000008dd00000, 0x000000008dd00000|
| 200|0x000000008de00000, 0x000000008de00000, 0x000000008df00000|  0%| F|  |TS 29|AC  0|TAMS 0x000000008de00000, 0x000000008de00000|
| 201|0x000000008df00000, 0x000000008df00000, 0x000000008e000000|  0%| F|  |TS 29|AC  0|TAMS 0x000000008df00000, 0x000000008df00000|
| 202|0x000000008e000000, 0x000000008e000000, 0x000000008e100000|  0%| F|  |TS 29|AC  0|TAMS 0x000000008e000000, 0x000000008e000000|
| 203|0x000000008e100000, 0x000000008e100000, 0x000000008e200000|  0%| F|  |TS 29|AC  0|TAMS 0x000000008e100000, 0x000000008e100000|
| 204|0x000000008e200000, 0x000000008e200000, 0x000000008e300000|  0%| F|  |TS 29|AC  0|TAMS 0x000000008e200000, 0x000000008e200000|
| 205|0x000000008e300000, 0x000000008e300000, 0x000000008e400000|  0%| F|  |TS 29|AC  0|TAMS 0x000000008e300000, 0x000000008e300000|
| 206|0x000000008e400000, 0x000000008e400000, 0x000000008e500000|  0%| F|  |TS 29|AC  0|TAMS 0x000000008e400000, 0x000000008e400000|
| 207|0x000000008e500000, 0x000000008e500000, 0x000000008e600000|  0%| F|  |TS 29|AC  0|TAMS 0x000000008e500000, 0x000000008e500000|
| 208|0x000000008e600000, 0x000000008e600000, 0x000000008e700000|  0%| F|  |TS 29|AC  0|TAMS 0x000000008e600000, 0x000000008e600000|
| 209|0x000000008e700000, 0x000000008e700000, 0x000000008e800000|  0%| F|  |TS 29|AC  0|TAMS 0x000000008e700000, 0x000000008e700000|
| 210|0x000000008e800000, 0x000000008e800000, 0x000000008e900000|  0%| F|  |TS 29|AC  0|TAMS 0x000000008e800000, 0x000000008e800000|
| 211|0x000000008e900000, 0x000000008e900000, 0x000000008ea00000|  0%| F|  |TS 29|AC  0|TAMS 0x000000008e900000, 0x000000008e900000|
| 212|0x000000008ea00000, 0x000000008ea00000, 0x000000008eb00000|  0%| F|  |TS 29|AC  0|TAMS 0x000000008ea00000, 0x000000008ea00000|
| 213|0x000000008eb00000, 0x000000008eb00000, 0x000000008ec00000|  0%| F|  |TS 29|AC  0|TAMS 0x000000008eb00000, 0x000000008eb00000|
| 214|0x000000008ec00000, 0x000000008ec00000, 0x000000008ed00000|  0%| F|  |TS 29|AC  0|TAMS 0x000000008ec00000, 0x000000008ec00000|
| 215|0x000000008ed00000, 0x000000008ed00000, 0x000000008ee00000|  0%| F|  |TS 29|AC  0|TAMS 0x000000008ed00000, 0x000000008ed00000|
| 216|0x000000008ee00000, 0x000000008ee00000, 0x000000008ef00000|  0%| F|  |TS 29|AC  0|TAMS 0x000000008ee00000, 0x000000008ee00000|
| 217|0x000000008ef00000, 0x000000008ef00000, 0x000000008f000000|  0%| F|  |TS 29|AC  0|TAMS 0x000000008ef00000, 0x000000008ef00000|
| 218|0x000000008f000000, 0x000000008f000000, 0x000000008f100000|  0%| F|  |TS 29|AC  0|TAMS 0x000000008f000000, 0x000000008f000000|
| 219|0x000000008f100000, 0x000000008f100000, 0x000000008f200000|  0%| F|  |TS 29|AC  0|TAMS 0x000000008f100000, 0x000000008f100000|
| 220|0x000000008f200000, 0x000000008f200000, 0x000000008f300000|  0%| F|  |TS 29|AC  0|TAMS 0x000000008f200000, 0x000000008f200000|
| 221|0x000000008f300000, 0x000000008f300000, 0x000000008f400000|  0%| F|  |TS 29|AC  0|TAMS 0x000000008f300000, 0x000000008f300000|
| 222|0x000000008f400000, 0x000000008f400000, 0x000000008f500000|  0%| F|  |TS 29|AC  0|TAMS 0x000000008f400000, 0x000000008f400000|
| 223|0x000000008f500000, 0x000000008f500000, 0x000000008f600000|  0%| F|  |TS 29|AC  0|TAMS 0x000000008f500000, 0x000000008f500000|
| 224|0x000000008f600000, 0x000000008f600000, 0x000000008f700000|  0%| F|  |TS 29|AC  0|TAMS 0x000000008f600000, 0x000000008f600000|
| 225|0x000000008f700000, 0x000000008f700000, 0x000000008f800000|  0%| F|  |TS 29|AC  0|TAMS 0x000000008f700000, 0x000000008f700000|
| 226|0x000000008f800000, 0x000000008f800000, 0x000000008f900000|  0%| F|  |TS 29|AC  0|TAMS 0x000000008f800000, 0x000000008f800000|
| 227|0x000000008f900000, 0x000000008f900000, 0x000000008fa00000|  0%| F|  |TS 29|AC  0|TAMS 0x000000008f900000, 0x000000008f900000|
| 228|0x000000008fa00000, 0x000000008fa00000, 0x000000008fb00000|  0%| F|  |TS 29|AC  0|TAMS 0x000000008fa00000, 0x000000008fa00000|
| 229|0x000000008fb00000, 0x000000008fb00000, 0x000000008fc00000|  0%| F|  |TS 29|AC  0|TAMS 0x000000008fb00000, 0x000000008fb00000|
| 230|0x000000008fc00000, 0x000000008fc00000, 0x000000008fd00000|  0%| F|  |TS 29|AC  0|TAMS 0x000000008fc00000, 0x000000008fc00000|
| 231|0x000000008fd00000, 0x000000008fd00000, 0x000000008fe00000|  0%| F|  |TS 29|AC  0|TAMS 0x000000008fd00000, 0x000000008fd00000|
| 232|0x000000008fe00000, 0x000000008fe00000, 0x000000008ff00000|  0%| F|  |TS 29|AC  0|TAMS 0x000000008fe00000, 0x000000008fe00000|
| 233|0x000000008ff00000, 0x000000008ff00000, 0x0000000090000000|  0%| F|  |TS 29|AC  0|TAMS 0x000000008ff00000, 0x000000008ff00000|
| 234|0x0000000090000000, 0x0000000090000000, 0x0000000090100000|  0%| F|  |TS 29|AC  0|TAMS 0x0000000090000000, 0x0000000090000000|
| 235|0x0000000090100000, 0x0000000090100000, 0x0000000090200000|  0%| F|  |TS 29|AC  0|TAMS 0x0000000090100000, 0x0000000090100000|
| 236|0x0000000090200000, 0x0000000090200000, 0x0000000090300000|  0%| F|  |TS 29|AC  0|TAMS 0x0000000090200000, 0x0000000090200000|
| 237|0x0000000090300000, 0x0000000090300000, 0x0000000090400000|  0%| F|  |TS 29|AC  0|TAMS 0x0000000090300000, 0x0000000090300000|
| 238|0x0000000090400000, 0x0000000090400000, 0x0000000090500000|  0%| F|  |TS 29|AC  0|TAMS 0x0000000090400000, 0x0000000090400000|
| 239|0x0000000090500000, 0x0000000090500000, 0x0000000090600000|  0%| F|  |TS 29|AC  0|TAMS 0x0000000090500000, 0x0000000090500000|
| 240|0x0000000090600000, 0x0000000090600000, 0x0000000090700000|  0%| F|  |TS 29|AC  0|TAMS 0x0000000090600000, 0x0000000090600000|
| 241|0x0000000090700000, 0x0000000090700000, 0x0000000090800000|  0%| F|  |TS 29|AC  0|TAMS 0x0000000090700000, 0x0000000090700000|
| 242|0x0000000090800000, 0x0000000090800000, 0x0000000090900000|  0%| F|  |TS 29|AC  0|TAMS 0x0000000090800000, 0x0000000090800000|
| 243|0x0000000090900000, 0x0000000090900000, 0x0000000090a00000|  0%| F|  |TS 29|AC  0|TAMS 0x0000000090900000, 0x0000000090900000|
| 244|0x0000000090a00000, 0x0000000090a00000, 0x0000000090b00000|  0%| F|  |TS 29|AC  0|TAMS 0x0000000090a00000, 0x0000000090a00000|
| 245|0x0000000090b00000, 0x0000000090b00000, 0x0000000090c00000|  0%| F|  |TS 29|AC  0|TAMS 0x0000000090b00000, 0x0000000090b00000|
| 246|0x0000000090c00000, 0x0000000090c00000, 0x0000000090d00000|  0%| F|  |TS 29|AC  0|TAMS 0x0000000090c00000, 0x0000000090c00000|
| 247|0x0000000090d00000, 0x0000000090d00000, 0x0000000090e00000|  0%| F|  |TS 29|AC  0|TAMS 0x0000000090d00000, 0x0000000090d00000|
| 248|0x0000000090e00000, 0x0000000090e00000, 0x0000000090f00000|  0%| F|  |TS 29|AC  0|TAMS 0x0000000090e00000, 0x0000000090e00000|
| 249|0x0000000090f00000, 0x0000000090f00000, 0x0000000091000000|  0%| F|  |TS 29|AC  0|TAMS 0x0000000090f00000, 0x0000000090f00000|
| 250|0x0000000091000000, 0x0000000091000000, 0x0000000091100000|  0%| F|  |TS 29|AC  0|TAMS 0x0000000091000000, 0x0000000091000000|
| 251|0x0000000091100000, 0x0000000091100000, 0x0000000091200000|  0%| F|  |TS 29|AC  0|TAMS 0x0000000091100000, 0x0000000091100000|
| 252|0x0000000091200000, 0x0000000091200000, 0x0000000091300000|  0%| F|  |TS 29|AC  0|TAMS 0x0000000091200000, 0x0000000091200000|
| 253|0x0000000091300000, 0x0000000091300000, 0x0000000091400000|  0%| F|  |TS 29|AC  0|TAMS 0x0000000091300000, 0x0000000091300000|
| 254|0x0000000091400000, 0x0000000091400000, 0x0000000091500000|  0%| F|  |TS 29|AC  0|TAMS 0x0000000091400000, 0x0000000091400000|
| 255|0x0000000091500000, 0x0000000091500000, 0x0000000091600000|  0%| F|  |TS 29|AC  0|TAMS 0x0000000091500000, 0x0000000091500000|
| 256|0x0000000091600000, 0x0000000091600000, 0x0000000091700000|  0%| F|  |TS 29|AC  0|TAMS 0x0000000091600000, 0x0000000091600000|
| 257|0x0000000091700000, 0x0000000091700000, 0x0000000091800000|  0%| F|  |TS 29|AC  0|TAMS 0x0000000091700000, 0x0000000091700000|
| 258|0x0000000091800000, 0x0000000091800000, 0x0000000091900000|  0%| F|  |TS 29|AC  0|TAMS 0x0000000091800000, 0x0000000091800000|
| 259|0x0000000091900000, 0x0000000091900000, 0x0000000091a00000|  0%| F|  |TS 29|AC  0|TAMS 0x0000000091900000, 0x0000000091900000|
| 260|0x0000000091a00000, 0x0000000091a00000, 0x0000000091b00000|  0%| F|  |TS 29|AC  0|TAMS 0x0000000091a00000, 0x0000000091a00000|
| 261|0x0000000091b00000, 0x0000000091b00000, 0x0000000091c00000|  0%| F|  |TS 29|AC  0|TAMS 0x0000000091b00000, 0x0000000091b00000|
| 262|0x0000000091c00000, 0x0000000091c00000, 0x0000000091d00000|  0%| F|  |TS 29|AC  0|TAMS 0x0000000091c00000, 0x0000000091c00000|
| 263|0x0000000091d00000, 0x0000000091d00000, 0x0000000091e00000|  0%| F|  |TS 29|AC  0|TAMS 0x0000000091d00000, 0x0000000091d00000|
| 264|0x0000000091e00000, 0x0000000091e00000, 0x0000000091f00000|  0%| F|  |TS 29|AC  0|TAMS 0x0000000091e00000, 0x0000000091e00000|
| 265|0x0000000091f00000, 0x0000000091f00000, 0x0000000092000000|  0%| F|  |TS 29|AC  0|TAMS 0x0000000091f00000, 0x0000000091f00000|
| 266|0x0000000092000000, 0x0000000092000000, 0x0000000092100000|  0%| F|  |TS 29|AC  0|TAMS 0x0000000092000000, 0x0000000092000000|
| 267|0x0000000092100000, 0x0000000092100000, 0x0000000092200000|  0%| F|  |TS 29|AC  0|TAMS 0x0000000092100000, 0x0000000092100000|
| 268|0x0000000092200000, 0x0000000092200000, 0x0000000092300000|  0%| F|  |TS 29|AC  0|TAMS 0x0000000092200000, 0x0000000092200000|
| 269|0x0000000092300000, 0x0000000092300000, 0x0000000092400000|  0%| F|  |TS 29|AC  0|TAMS 0x0000000092300000, 0x0000000092300000|
| 270|0x0000000092400000, 0x0000000092400000, 0x0000000092500000|  0%| F|  |TS 29|AC  0|TAMS 0x0000000092400000, 0x0000000092400000|
| 271|0x0000000092500000, 0x0000000092500000, 0x0000000092600000|  0%| F|  |TS 29|AC  0|TAMS 0x0000000092500000, 0x0000000092500000|
| 272|0x0000000092600000, 0x0000000092600000, 0x0000000092700000|  0%| F|  |TS 29|AC  0|TAMS 0x0000000092600000, 0x0000000092600000|
| 273|0x0000000092700000, 0x0000000092700000, 0x0000000092800000|  0%| F|  |TS 29|AC  0|TAMS 0x0000000092700000, 0x0000000092700000|
| 274|0x0000000092800000, 0x0000000092800000, 0x0000000092900000|  0%| F|  |TS 29|AC  0|TAMS 0x0000000092800000, 0x0000000092800000|
| 275|0x0000000092900000, 0x0000000092900000, 0x0000000092a00000|  0%| F|  |TS 29|AC  0|TAMS 0x0000000092900000, 0x0000000092900000|
| 276|0x0000000092a00000, 0x0000000092a00000, 0x0000000092b00000|  0%| F|  |TS 29|AC  0|TAMS 0x0000000092a00000, 0x0000000092a00000|
| 277|0x0000000092b00000, 0x0000000092b00000, 0x0000000092c00000|  0%| F|  |TS 29|AC  0|TAMS 0x0000000092b00000, 0x0000000092b00000|
| 278|0x0000000092c00000, 0x0000000092c00000, 0x0000000092d00000|  0%| F|  |TS 29|AC  0|TAMS 0x0000000092c00000, 0x0000000092c00000|
| 279|0x0000000092d00000, 0x0000000092d00000, 0x0000000092e00000|  0%| F|  |TS 29|AC  0|TAMS 0x0000000092d00000, 0x0000000092d00000|
| 280|0x0000000092e00000, 0x0000000092e00000, 0x0000000092f00000|  0%| F|  |TS 29|AC  0|TAMS 0x0000000092e00000, 0x0000000092e00000|
| 281|0x0000000092f00000, 0x0000000092f00000, 0x0000000093000000|  0%| F|  |TS 29|AC  0|TAMS 0x0000000092f00000, 0x0000000092f00000|
| 282|0x0000000093000000, 0x0000000093000000, 0x0000000093100000|  0%| F|  |TS 29|AC  0|TAMS 0x0000000093000000, 0x0000000093000000|
| 283|0x0000000093100000, 0x0000000093100000, 0x0000000093200000|  0%| F|  |TS 29|AC  0|TAMS 0x0000000093100000, 0x0000000093100000|
| 284|0x0000000093200000, 0x0000000093200000, 0x0000000093300000|  0%| F|  |TS 29|AC  0|TAMS 0x0000000093200000, 0x0000000093200000|
| 285|0x0000000093300000, 0x0000000093300000, 0x0000000093400000|  0%| F|  |TS 29|AC  0|TAMS 0x0000000093300000, 0x0000000093300000|
| 286|0x0000000093400000, 0x0000000093400000, 0x0000000093500000|  0%| F|  |TS 29|AC  0|TAMS 0x0000000093400000, 0x0000000093400000|
| 287|0x0000000093500000, 0x0000000093500000, 0x0000000093600000|  0%| F|  |TS 29|AC  0|TAMS 0x0000000093500000, 0x0000000093500000|
| 288|0x0000000093600000, 0x0000000093600000, 0x0000000093700000|  0%| F|  |TS 29|AC  0|TAMS 0x0000000093600000, 0x0000000093600000|
| 289|0x0000000093700000, 0x0000000093700000, 0x0000000093800000|  0%| F|  |TS 29|AC  0|TAMS 0x0000000093700000, 0x0000000093700000|
| 290|0x0000000093800000, 0x0000000093800000, 0x0000000093900000|  0%| F|  |TS 29|AC  0|TAMS 0x0000000093800000, 0x0000000093800000|
| 291|0x0000000093900000, 0x0000000093900000, 0x0000000093a00000|  0%| F|  |TS 29|AC  0|TAMS 0x0000000093900000, 0x0000000093900000|
| 292|0x0000000093a00000, 0x0000000093a00000, 0x0000000093b00000|  0%| F|  |TS 29|AC  0|TAMS 0x0000000093a00000, 0x0000000093a00000|
| 293|0x0000000093b00000, 0x0000000093b00000, 0x0000000093c00000|  0%| F|  |TS 29|AC  0|TAMS 0x0000000093b00000, 0x0000000093b00000|
| 294|0x0000000093c00000, 0x0000000093c00000, 0x0000000093d00000|  0%| F|  |TS 29|AC  0|TAMS 0x0000000093c00000, 0x0000000093c00000|
| 295|0x0000000093d00000, 0x0000000093d00000, 0x0000000093e00000|  0%| F|  |TS 29|AC  0|TAMS 0x0000000093d00000, 0x0000000093d00000|
| 296|0x0000000093e00000, 0x0000000093e00000, 0x0000000093f00000|  0%| F|  |TS 29|AC  0|TAMS 0x0000000093e00000, 0x0000000093e00000|
| 297|0x0000000093f00000, 0x0000000093f00000, 0x0000000094000000|  0%| F|  |TS 29|AC  0|TAMS 0x0000000093f00000, 0x0000000093f00000|
| 298|0x0000000094000000, 0x0000000094000000, 0x0000000094100000|  0%| F|  |TS 29|AC  0|TAMS 0x0000000094000000, 0x0000000094000000|
| 299|0x0000000094100000, 0x0000000094100000, 0x0000000094200000|  0%| F|  |TS 29|AC  0|TAMS 0x0000000094100000, 0x0000000094100000|
| 300|0x0000000094200000, 0x0000000094200000, 0x0000000094300000|  0%| F|  |TS 29|AC  0|TAMS 0x0000000094200000, 0x0000000094200000|
| 301|0x0000000094300000, 0x0000000094300000, 0x0000000094400000|  0%| F|  |TS 29|AC  0|TAMS 0x0000000094300000, 0x0000000094300000|
| 302|0x0000000094400000, 0x0000000094400000, 0x0000000094500000|  0%| F|  |TS 29|AC  0|TAMS 0x0000000094400000, 0x0000000094400000|
| 303|0x0000000094500000, 0x0000000094500000, 0x0000000094600000|  0%| F|  |TS 29|AC  0|TAMS 0x0000000094500000, 0x0000000094500000|
| 304|0x0000000094600000, 0x0000000094600000, 0x0000000094700000|  0%| F|  |TS 29|AC  0|TAMS 0x0000000094600000, 0x0000000094600000|
| 305|0x0000000094700000, 0x0000000094700000, 0x0000000094800000|  0%| F|  |TS 29|AC  0|TAMS 0x0000000094700000, 0x0000000094700000|
| 306|0x0000000094800000, 0x0000000094800000, 0x0000000094900000|  0%| F|  |TS 29|AC  0|TAMS 0x0000000094800000, 0x0000000094800000|
| 307|0x0000000094900000, 0x0000000094900000, 0x0000000094a00000|  0%| F|  |TS 29|AC  0|TAMS 0x0000000094900000, 0x0000000094900000|
| 308|0x0000000094a00000, 0x0000000094a00000, 0x0000000094b00000|  0%| F|  |TS 29|AC  0|TAMS 0x0000000094a00000, 0x0000000094a00000|
| 309|0x0000000094b00000, 0x0000000094b00000, 0x0000000094c00000|  0%| F|  |TS 29|AC  0|TAMS 0x0000000094b00000, 0x0000000094b00000|
| 310|0x0000000094c00000, 0x0000000094c00000, 0x0000000094d00000|  0%| F|  |TS 29|AC  0|TAMS 0x0000000094c00000, 0x0000000094c00000|
| 311|0x0000000094d00000, 0x0000000094d00000, 0x0000000094e00000|  0%| F|  |TS 29|AC  0|TAMS 0x0000000094d00000, 0x0000000094d00000|
| 312|0x0000000094e00000, 0x0000000094e00000, 0x0000000094f00000|  0%| F|  |TS 29|AC  0|TAMS 0x0000000094e00000, 0x0000000094e00000|
| 313|0x0000000094f00000, 0x0000000094f00000, 0x0000000095000000|  0%| F|  |TS 29|AC  0|TAMS 0x0000000094f00000, 0x0000000094f00000|
| 314|0x0000000095000000, 0x0000000095000000, 0x0000000095100000|  0%| F|  |TS 29|AC  0|TAMS 0x0000000095000000, 0x0000000095000000|
| 315|0x0000000095100000, 0x0000000095100000, 0x0000000095200000|  0%| F|  |TS 29|AC  0|TAMS 0x0000000095100000, 0x0000000095100000|
| 316|0x0000000095200000, 0x0000000095200000, 0x0000000095300000|  0%| F|  |TS 29|AC  0|TAMS 0x0000000095200000, 0x0000000095200000|
| 317|0x0000000095300000, 0x0000000095300000, 0x0000000095400000|  0%| F|  |TS 29|AC  0|TAMS 0x0000000095300000, 0x0000000095300000|
| 318|0x0000000095400000, 0x0000000095400000, 0x0000000095500000|  0%| F|  |TS 29|AC  0|TAMS 0x0000000095400000, 0x0000000095400000|
| 319|0x0000000095500000, 0x0000000095500000, 0x0000000095600000|  0%| F|  |TS 29|AC  0|TAMS 0x0000000095500000, 0x0000000095500000|
| 320|0x0000000095600000, 0x0000000095600000, 0x0000000095700000|  0%| F|  |TS 29|AC  0|TAMS 0x0000000095600000, 0x0000000095600000|
| 321|0x0000000095700000, 0x00000000957d6628, 0x0000000095800000| 83%| E|  |TS 29|AC  0|TAMS 0x0000000095700000, 0x0000000095700000|
| 322|0x0000000095800000, 0x0000000095900000, 0x0000000095900000|100%| E|CS|TS 29|AC  0|TAMS 0x0000000095800000, 0x0000000095800000|
| 323|0x0000000095900000, 0x0000000095a00000, 0x0000000095a00000|100%| E|CS|TS 29|AC  0|TAMS 0x0000000095900000, 0x0000000095900000|
| 324|0x0000000095a00000, 0x0000000095b00000, 0x0000000095b00000|100%| E|CS|TS 29|AC  0|TAMS 0x0000000095a00000, 0x0000000095a00000|
| 325|0x0000000095b00000, 0x0000000095c00000, 0x0000000095c00000|100%| E|CS|TS 29|AC  0|TAMS 0x0000000095b00000, 0x0000000095b00000|
| 326|0x0000000095c00000, 0x0000000095d00000, 0x0000000095d00000|100%| E|CS|TS 29|AC  0|TAMS 0x0000000095c00000, 0x0000000095c00000|
| 327|0x0000000095d00000, 0x0000000095e00000, 0x0000000095e00000|100%| E|CS|TS 29|AC  0|TAMS 0x0000000095d00000, 0x0000000095d00000|
| 328|0x0000000095e00000, 0x0000000095f00000, 0x0000000095f00000|100%| E|CS|TS 29|AC  0|TAMS 0x0000000095e00000, 0x0000000095e00000|
| 329|0x0000000095f00000, 0x0000000096000000, 0x0000000096000000|100%| E|CS|TS 29|AC  0|TAMS 0x0000000095f00000, 0x0000000095f00000|
| 330|0x0000000096000000, 0x0000000096100000, 0x0000000096100000|100%| E|CS|TS 29|AC  0|TAMS 0x0000000096000000, 0x0000000096000000|
| 331|0x0000000096100000, 0x0000000096200000, 0x0000000096200000|100%| E|CS|TS 29|AC  0|TAMS 0x0000000096100000, 0x0000000096100000|
| 332|0x0000000096200000, 0x0000000096300000, 0x0000000096300000|100%| E|CS|TS 29|AC  0|TAMS 0x0000000096200000, 0x0000000096200000|
| 333|0x0000000096300000, 0x0000000096400000, 0x0000000096400000|100%| E|CS|TS 29|AC  0|TAMS 0x0000000096300000, 0x0000000096300000|
| 334|0x0000000096400000, 0x0000000096500000, 0x0000000096500000|100%| E|CS|TS 29|AC  0|TAMS 0x0000000096400000, 0x0000000096400000|
| 335|0x0000000096500000, 0x0000000096600000, 0x0000000096600000|100%| E|CS|TS 29|AC  0|TAMS 0x0000000096500000, 0x0000000096500000|
| 336|0x0000000096600000, 0x0000000096700000, 0x0000000096700000|100%| E|CS|TS 29|AC  0|TAMS 0x0000000096600000, 0x0000000096600000|
| 337|0x0000000096700000, 0x0000000096800000, 0x0000000096800000|100%| E|CS|TS 29|AC  0|TAMS 0x0000000096700000, 0x0000000096700000|
| 338|0x0000000096800000, 0x0000000096900000, 0x0000000096900000|100%| E|CS|TS 29|AC  0|TAMS 0x0000000096800000, 0x0000000096800000|
| 339|0x0000000096900000, 0x0000000096a00000, 0x0000000096a00000|100%| E|CS|TS 29|AC  0|TAMS 0x0000000096900000, 0x0000000096900000|
| 340|0x0000000096a00000, 0x0000000096b00000, 0x0000000096b00000|100%| E|CS|TS 29|AC  0|TAMS 0x0000000096a00000, 0x0000000096a00000|
| 341|0x0000000096b00000, 0x0000000096c00000, 0x0000000096c00000|100%| E|CS|TS 29|AC  0|TAMS 0x0000000096b00000, 0x0000000096b00000|
| 342|0x0000000096c00000, 0x0000000096d00000, 0x0000000096d00000|100%| E|CS|TS 29|AC  0|TAMS 0x0000000096c00000, 0x0000000096c00000|
| 343|0x0000000096d00000, 0x0000000096e00000, 0x0000000096e00000|100%| E|CS|TS 29|AC  0|TAMS 0x0000000096d00000, 0x0000000096d00000|

Card table byte_map: [0x000001acb92e0000,0x000001acb96e0000] byte_map_base: 0x000001acb8ed5000

Marking Bits (Prev, Next): (CMBitMap*) 0x000001ac9d62a738, (CMBitMap*) 0x000001ac9d62a700
 Prev Bits: [0x000001acbba90000, 0x000001acbda38000)
 Next Bits: [0x000001acb9ae0000, 0x000001acbba88000)

Polling page: 0x000001ac9d4f0000

CodeHeap 'non-profiled nmethods': size=120064Kb used=2322Kb max_used=2322Kb free=117741Kb
 bounds [0x000001acb1070000, 0x000001acb12e0000, 0x000001acb85b0000]
CodeHeap 'profiled nmethods': size=120000Kb used=9894Kb max_used=9894Kb free=110105Kb
 bounds [0x000001aca9b40000, 0x000001acaa4f0000, 0x000001acb1070000]
CodeHeap 'non-nmethods': size=5696Kb used=1475Kb max_used=1518Kb free=4220Kb
 bounds [0x000001aca95b0000, 0x000001aca9820000, 0x000001aca9b40000]
 total_blobs=5728 nmethods=3893 adapters=673
 compilation: enabled

Compilation events (10 events):
Event: 9.552 Thread 0x000001acc09bf800 3914       2       org.jsoup.parser.CharacterReader::mark (9 bytes)
Event: 9.552 Thread 0x000001acc09bf800 nmethod 3914 0x000001acaa4e1a90 code [0x000001acaa4e1c40, 0x000001acaa4e1d98]
Event: 9.552 Thread 0x000001acc09bf800 3907       2       org.jsoup.parser.CharacterReader::matchesAnySorted (29 bytes)
Event: 9.552 Thread 0x000001acc09bf800 nmethod 3907 0x000001acaa4e1e10 code [0x000001acaa4e1fc0, 0x000001acaa4e21b0]
Event: 9.553 Thread 0x000001acc09bf800 3908   !   2       org.jsoup.parser.Tokeniser::consumeCharacterReference (459 bytes)
Event: 9.555 Thread 0x000001acc09bf800 nmethod 3908 0x000001acaa4e2310 code [0x000001acaa4e2720, 0x000001acaa4e3a90]
Event: 9.555 Thread 0x000001acc09bf800 3904       2       org.jsoup.parser.CharacterReader::matches (26 bytes)
Event: 9.555 Thread 0x000001acc09bf800 nmethod 3904 0x000001acaa4e4890 code [0x000001acaa4e4a40, 0x000001acaa4e4bf8]
Event: 9.576 Thread 0x000001acc09bf800 3919       2       java.util.stream.Sink::end (1 bytes)
Event: 9.576 Thread 0x000001acc09bf800 nmethod 3919 0x000001acaa4e4d10 code [0x000001acaa4e4ec0, 0x000001acaa4e5018]

GC Heap History (10 events):
Event: 6.319 GC heap before
{Heap before GC invocations=13 (full 0):
 garbage-first heap   total 200704K, used 155985K [0x0000000081600000, 0x0000000081700620, 0x0000000100000000)
  region size 1024K, 92 young (94208K), 10 survivors (10240K)
 Metaspace       used 27301K, capacity 29376K, committed 29440K, reserved 1075200K
  class space    used 3398K, capacity 3796K, committed 3840K, reserved 1048576K
}
Event: 6.347 GC heap after
{Heap after GC invocations=14 (full 0):
 garbage-first heap   total 200704K, used 79872K [0x0000000081600000, 0x0000000081700620, 0x0000000100000000)
  region size 1024K, 8 young (8192K), 8 survivors (8192K)
 Metaspace       used 27301K, capacity 29376K, committed 29440K, reserved 1075200K
  class space    used 3398K, capacity 3796K, committed 3840K, reserved 1048576K
}
Event: 6.595 GC heap before
{Heap before GC invocations=14 (full 0):
 garbage-first heap   total 200704K, used 159744K [0x0000000081600000, 0x0000000081700620, 0x0000000100000000)
  region size 1024K, 86 young (88064K), 8 survivors (8192K)
 Metaspace       used 27301K, capacity 29376K, committed 29440K, reserved 1075200K
  class space    used 3398K, capacity 3796K, committed 3840K, reserved 1048576K
}
Event: 6.623 GC heap after
{Heap after GC invocations=15 (full 0):
 garbage-first heap   total 352256K, used 86813K [0x0000000081600000, 0x0000000081700ac0, 0x0000000100000000)
  region size 1024K, 8 young (8192K), 8 survivors (8192K)
 Metaspace       used 27301K, capacity 29376K, committed 29440K, reserved 1075200K
  class space    used 3398K, capacity 3796K, committed 3840K, reserved 1048576K
}
Event: 6.885 GC heap before
{Heap before GC invocations=15 (full 0):
 garbage-first heap   total 352256K, used 229149K [0x0000000081600000, 0x0000000081700ac0, 0x0000000100000000)
  region size 1024K, 147 young (150528K), 8 survivors (8192K)
 Metaspace       used 27307K, capacity 29376K, committed 29440K, reserved 1075200K
  class space    used 3398K, capacity 3796K, committed 3840K, reserved 1048576K
}
Event: 6.929 GC heap after
{Heap after GC invocations=16 (full 0):
 garbage-first heap   total 352256K, used 100060K [0x0000000081600000, 0x0000000081700ac0, 0x0000000100000000)
  region size 1024K, 19 young (19456K), 19 survivors (19456K)
 Metaspace       used 27307K, capacity 29376K, committed 29440K, reserved 1075200K
  class space    used 3398K, capacity 3796K, committed 3840K, reserved 1048576K
}
Event: 8.298 GC heap before
{Heap before GC invocations=16 (full 0):
 garbage-first heap   total 352256K, used 270044K [0x0000000081600000, 0x0000000081700ac0, 0x0000000100000000)
  region size 1024K, 185 young (189440K), 19 survivors (19456K)
 Metaspace       used 28470K, capacity 30742K, committed 30976K, reserved 1077248K
  class space    used 3545K, capacity 3997K, committed 4096K, reserved 1048576K
}
Event: 8.364 GC heap after
{Heap after GC invocations=17 (full 0):
 garbage-first heap   total 352256K, used 114797K [0x0000000081600000, 0x0000000081700ac0, 0x0000000100000000)
  region size 1024K, 15 young (15360K), 15 survivors (15360K)
 Metaspace       used 28470K, capacity 30742K, committed 30976K, reserved 1077248K
  class space    used 3545K, capacity 3997K, committed 4096K, reserved 1048576K
}
Event: 9.450 GC heap before
{Heap before GC invocations=17 (full 0):
 garbage-first heap   total 352256K, used 274541K [0x0000000081600000, 0x0000000081700ac0, 0x0000000100000000)
  region size 1024K, 166 young (169984K), 15 survivors (15360K)
 Metaspace       used 30275K, capacity 32486K, committed 32640K, reserved 1077248K
  class space    used 3731K, capacity 4139K, committed 4224K, reserved 1048576K
}
Event: 9.476 GC heap after
{Heap after GC invocations=18 (full 0):
 garbage-first heap   total 352256K, used 121856K [0x0000000081600000, 0x0000000081700ac0, 0x0000000100000000)
  region size 1024K, 5 young (5120K), 5 survivors (5120K)
 Metaspace       used 30275K, capacity 32486K, committed 32640K, reserved 1077248K
  class space    used 3731K, capacity 4139K, committed 4224K, reserved 1048576K
}

Deoptimization events (10 events):
Event: 8.211 Thread 0x000001acc1e3d000 Uncommon trap: reason=unstable_if action=reinterpret pc=0x000001acb12374f4 method=jdk.internal.math.FloatingDecimal.readJavaFormatString(Ljava/lang/String;)Ljdk/internal/math/FloatingDecimal$ASCIIToBinaryConverter; @ 286 c2
Event: 8.281 Thread 0x000001acc1e3d000 Uncommon trap: reason=unstable_if action=reinterpret pc=0x000001acb123ed70 method=java.text.DigitList.round(IZZ)V @ 90 c2
Event: 8.740 Thread 0x000001acc1fa9800 Uncommon trap: reason=class_check action=maybe_recompile pc=0x000001acb121db2c method=java.util.regex.Pattern$Start.<init>(Ljava/util/regex/Pattern$Node;)V @ 22 c2
Event: 8.808 Thread 0x000001acc1fa9800 Uncommon trap: reason=unstable_if action=reinterpret pc=0x000001acb122126c method=java.net.IDN.toASCIIInternal(Ljava/lang/String;I)Ljava/lang/String; @ 72 c2
Event: 8.879 Thread 0x000001acc1fa9800 Uncommon trap: reason=unstable_if action=reinterpret pc=0x000001acb126a200 method=java.nio.charset.CharsetDecoder.decode(Ljava/nio/ByteBuffer;Ljava/nio/CharBuffer;Z)Ljava/nio/charset/CoderResult; @ 1 c2
Event: 8.949 Thread 0x000001acc1fa9800 Uncommon trap: reason=unstable_if action=reinterpret pc=0x000001acb1167fb0 method=java.util.regex.Pattern$BmpCharProperty.match(Ljava/util/regex/Matcher;ILjava/lang/CharSequence;)Z @ 39 c2
Event: 8.949 Thread 0x000001acc1fa9800 Uncommon trap: reason=unstable_if action=reinterpret pc=0x000001acb125f930 method=java.util.regex.Pattern$GroupTail.match(Ljava/util/regex/Matcher;ILjava/lang/CharSequence;)Z @ 73 c2
Event: 8.952 Thread 0x000001acc1fa9800 Uncommon trap: reason=class_check action=maybe_recompile pc=0x000001acb121db2c method=java.util.regex.Pattern$Start.<init>(Ljava/util/regex/Pattern$Node;)V @ 22 c2
Event: 9.249 Thread 0x000001acc1fa9800 Uncommon trap: reason=unstable_if action=reinterpret pc=0x000001acb129ca64 method=org.jsoup.parser.CharacterReader.consumeToAny([C)Ljava/lang/String; @ 88 c2
Event: 9.545 Thread 0x000001acc1fa9800 Uncommon trap: reason=unstable_if action=reinterpret pc=0x000001acb11cef48 method=java.lang.String.trim()Ljava/lang/String; @ 4 c2

Classes redefined (0 events):
No events

Internal exceptions (10 events):
Event: 7.873 Thread 0x000001acc1e3d000 Exception <a 'java/lang/NullPointerException'{0x000000008c61f6a0}> (0x000000008c61f6a0) thrown at [c:/workspace/9-2-build-windows-amd64-cygwin-phase2/jdk9/6725/hotspot/src/share/vm/runtime/sharedRuntime.cpp, line 606]
Event: 7.873 Thread 0x000001acc1e3d000 Implicit null exception at 0x000001acaa2aeeb2 to 0x000001acaa2b0664
Event: 7.873 Thread 0x000001acc1e3d000 Exception <a 'java/lang/NullPointerException'{0x000000008c6215d8}> (0x000000008c6215d8) thrown at [c:/workspace/9-2-build-windows-amd64-cygwin-phase2/jdk9/6725/hotspot/src/share/vm/runtime/sharedRuntime.cpp, line 606]
Event: 7.873 Thread 0x000001acc1e3d000 Implicit null exception at 0x000001acaa2aeeb2 to 0x000001acaa2b0664
Event: 7.873 Thread 0x000001acc1e3d000 Exception <a 'java/lang/NullPointerException'{0x000000008c622250}> (0x000000008c622250) thrown at [c:/workspace/9-2-build-windows-amd64-cygwin-phase2/jdk9/6725/hotspot/src/share/vm/runtime/sharedRuntime.cpp, line 606]
Event: 7.874 Thread 0x000001acc1e3d000 Implicit null exception at 0x000001acaa2aeeb2 to 0x000001acaa2b0664
Event: 7.874 Thread 0x000001acc1e3d000 Exception <a 'java/lang/NullPointerException'{0x000000008c623018}> (0x000000008c623018) thrown at [c:/workspace/9-2-build-windows-amd64-cygwin-phase2/jdk9/6725/hotspot/src/share/vm/runtime/sharedRuntime.cpp, line 606]
Event: 7.909 Thread 0x000001acc1e3d000 Exception <a 'java/lang/ClassNotFoundException'{0x000000008c6bd3b8}: com/sun/javafx/scene/control/skin/resources/controls> (0x000000008c6bd3b8) thrown at [c:/workspace/9-2-build-windows-amd64-cygwin-phase2/jdk9/6725/hotspot/src/share/vm/prims/jni.cpp, lin
Event: 7.911 Thread 0x000001acc1e3d000 Exception <a 'java/lang/ClassNotFoundException'{0x000000008c6ceb30}: com/sun/javafx/scene/control/skin/resources/controls_pl> (0x000000008c6ceb30) thrown at [c:/workspace/9-2-build-windows-amd64-cygwin-phase2/jdk9/6725/hotspot/src/share/vm/prims/jni.cpp, 
Event: 7.911 Thread 0x000001acc1e3d000 Exception <a 'java/lang/ClassNotFoundException'{0x000000008c6cfce8}: com/sun/javafx/scene/control/skin/resources/controls_pl_PL> (0x000000008c6cfce8) thrown at [c:/workspace/9-2-build-windows-amd64-cygwin-phase2/jdk9/6725/hotspot/src/share/vm/prims/jni.cp

Events (10 events):
Event: 9.493 Executing VM operation: RevokeBias done
Event: 9.527 Executing VM operation: RevokeBias
Event: 9.529 Executing VM operation: RevokeBias done
Event: 9.529 Executing VM operation: RevokeBias
Event: 9.529 Executing VM operation: RevokeBias done
Event: 9.529 Executing VM operation: RevokeBias
Event: 9.530 Executing VM operation: RevokeBias done
Event: 9.545 Thread 0x000001acc1fa9800 Uncommon trap: trap_request=0xffffff5d fr.pc=0x000001acb11cef48 relative=0x0000000000000388
Event: 9.545 Thread 0x000001acc1fa9800 DEOPT PACKING pc=0x000001acb11cef48 sp=0x0000002a81bfe570
Event: 9.545 Thread 0x000001acc1fa9800 DEOPT UNPACKING pc=0x000001aca95fdf29 sp=0x0000002a81bfe550 mode 2


Dynamic libraries:
0x00007ff75b1a0000 - 0x00007ff75b1de000 	C:\Program Files\Java\jdk-9\bin\java.exe
0x00007ff96cb50000 - 0x00007ff96cd22000 	C:\WINDOWS\SYSTEM32\ntdll.dll
0x00007ff96a240000 - 0x00007ff96a2ec000 	C:\WINDOWS\System32\KERNEL32.DLL
0x00007ff945c30000 - 0x00007ff945c64000 	C:\Program Files\AVAST Software\Avast\x64\aswhooka.dll
0x00007ff9692a0000 - 0x00007ff9694bd000 	C:\WINDOWS\System32\KERNELBASE.dll
0x00007ff96c050000 - 0x00007ff96c0f2000 	C:\WINDOWS\System32\ADVAPI32.dll
0x00007ff96c100000 - 0x00007ff96c19e000 	C:\WINDOWS\System32\msvcrt.dll
0x00007ff96c1a0000 - 0x00007ff96c1f9000 	C:\WINDOWS\System32\sechost.dll
0x00007ff96c260000 - 0x00007ff96c381000 	C:\WINDOWS\System32\RPCRT4.dll
0x00007ff96a0d0000 - 0x00007ff96a235000 	C:\WINDOWS\System32\USER32.dll
0x00007ff969960000 - 0x00007ff96997e000 	C:\WINDOWS\System32\win32u.dll
0x00007ff96a430000 - 0x00007ff96a464000 	C:\WINDOWS\System32\GDI32.dll
0x00007ff969670000 - 0x00007ff9697f0000 	C:\WINDOWS\System32\gdi32full.dll
0x00007ff964b30000 - 0x00007ff964daa000 	C:\WINDOWS\WinSxS\amd64_microsoft.windows.common-controls_6595b64144ccf1df_6.0.14393.953_none_42151e83c686086b\COMCTL32.dll
0x00007ff96bd80000 - 0x00007ff96c048000 	C:\WINDOWS\System32\combase.dll
0x00007ff9694c0000 - 0x00007ff9695b5000 	C:\WINDOWS\System32\ucrtbase.dll
0x00007ff9697f0000 - 0x00007ff96985a000 	C:\WINDOWS\System32\bcryptPrimitives.dll
0x00007ff964dd0000 - 0x00007ff964dda000 	C:\WINDOWS\SYSTEM32\VERSION.dll
0x00007ff96c3a0000 - 0x00007ff96c3ce000 	C:\WINDOWS\System32\IMM32.DLL
0x00007ff938e00000 - 0x00007ff938eef000 	C:\Program Files\Java\jdk-9\bin\msvcr120.dll
0x00007ff954bb0000 - 0x00007ff954c56000 	C:\Program Files\Java\jdk-9\bin\msvcp120.dll
0x0000000055520000 - 0x0000000055f4a000 	C:\Program Files\Java\jdk-9\bin\server\jvm.dll
0x00007ff96a0c0000 - 0x00007ff96a0c8000 	C:\WINDOWS\System32\PSAPI.DLL
0x00007ff9603c0000 - 0x00007ff9603c9000 	C:\WINDOWS\SYSTEM32\WSOCK32.dll
0x00007ff96bbb0000 - 0x00007ff96bc1a000 	C:\WINDOWS\System32\WS2_32.dll
0x00007ff964f50000 - 0x00007ff964f73000 	C:\WINDOWS\SYSTEM32\WINMM.dll
0x00007ff964f10000 - 0x00007ff964f3b000 	C:\WINDOWS\SYSTEM32\WINMMBASE.dll
0x00007ff969910000 - 0x00007ff969952000 	C:\WINDOWS\System32\cfgmgr32.dll
0x00007ff9629b0000 - 0x00007ff9629bf000 	C:\Program Files\Java\jdk-9\bin\verify.dll
0x00007ff95fad0000 - 0x00007ff95faf7000 	C:\Program Files\Java\jdk-9\bin\java.dll
0x00007ff954c90000 - 0x00007ff954cba000 	C:\Program Files\Java\jdk-9\bin\instrument.dll
0x00007ff960dd0000 - 0x00007ff960de6000 	C:\Program Files\Java\jdk-9\bin\zip.dll
0x00007ff962870000 - 0x00007ff96287a000 	C:\Program Files\Java\jdk-9\bin\jimage.dll
0x00007ff96a4d0000 - 0x00007ff96b9d8000 	C:\WINDOWS\System32\SHELL32.dll
0x00007ff9699e0000 - 0x00007ff96a0ba000 	C:\WINDOWS\System32\windows.storage.dll
0x00007ff968fd0000 - 0x00007ff96901c000 	C:\WINDOWS\System32\powrprof.dll
0x00007ff96a470000 - 0x00007ff96a4c2000 	C:\WINDOWS\System32\shlwapi.dll
0x00007ff969020000 - 0x00007ff96902f000 	C:\WINDOWS\System32\kernel.appcore.dll
0x00007ff969860000 - 0x00007ff969909000 	C:\WINDOWS\System32\shcore.dll
0x00007ff968fa0000 - 0x00007ff968fb4000 	C:\WINDOWS\System32\profapi.dll
0x00007ff958870000 - 0x00007ff95888a000 	C:\Program Files\Java\jdk-9\bin\net.dll
0x00007ff966980000 - 0x00007ff966a4d000 	C:\WINDOWS\SYSTEM32\WINHTTP.dll
0x00007ff9688d0000 - 0x00007ff96892c000 	C:\WINDOWS\system32\mswsock.dll
0x00007ff9549f0000 - 0x00007ff954a01000 	C:\Program Files\Java\jdk-9\bin\nio.dll
0x00007ff953130000 - 0x00007ff95314a000 	C:\Program Files\JetBrains\IntelliJ IDEA Community Edition 2017.2\bin\breakgen64.dll
0x00007ff94dc00000 - 0x00007ff94dc23000 	C:\Program Files\Java\jdk-9\bin\prism_d3d.dll
0x00007ff92d300000 - 0x00007ff92d48d000 	C:\WINDOWS\system32\d3d9.dll
0x00007ff960ae0000 - 0x00007ff960b06000 	C:\WINDOWS\SYSTEM32\dwmapi.dll
0x00007ff967470000 - 0x00007ff967505000 	C:\WINDOWS\system32\uxtheme.dll
0x00007ff91ebe0000 - 0x00007ff92111d000 	C:\WINDOWS\SYSTEM32\igdumdim64.dll
0x00007ff96c890000 - 0x00007ff96c94f000 	C:\WINDOWS\System32\OLEAUT32.dll
0x00007ff969030000 - 0x00007ff9690cc000 	C:\WINDOWS\System32\msvcp_win.dll
0x00007ff96a2f0000 - 0x00007ff96a428000 	C:\WINDOWS\System32\ole32.dll
0x00007ff96c460000 - 0x00007ff96c889000 	C:\WINDOWS\System32\SETUPAPI.dll
0x00007ff9449b0000 - 0x00007ff9449f3000 	C:\Program Files\Java\jdk-9\bin\glass.dll
0x00007ff96bab0000 - 0x00007ff96bbaa000 	C:\WINDOWS\System32\COMDLG32.dll
0x00007ff96bc20000 - 0x00007ff96bd7a000 	C:\WINDOWS\System32\MSCTF.dll
0x00007ff95e140000 - 0x00007ff95eb80000 	C:\WINDOWS\SYSTEM32\igdusc64.dll
0x00007ff94dc90000 - 0x00007ff94dca4000 	C:\Program Files\Java\jdk-9\bin\javafx_font.dll
0x00007ff931330000 - 0x00007ff9314ca000 	C:\Program Files\Java\jdk-9\bin\awt.dll
0x00007ff95d670000 - 0x00007ff95dbcf000 	C:\WINDOWS\SYSTEM32\d2d1.dll
0x00007ff9690d0000 - 0x00007ff969299000 	C:\WINDOWS\System32\CRYPT32.dll
0x00007ff968fc0000 - 0x00007ff968fd0000 	C:\WINDOWS\System32\MSASN1.dll
0x00007ff960d00000 - 0x00007ff960d7a000 	C:\WINDOWS\SYSTEM32\apphelp.dll
0x00007ff941900000 - 0x00007ff94199d000 	C:\Program Files\Java\jdk-9\bin\fontmanager.dll
0x00007ff913390000 - 0x00007ff915b45000 	C:\Program Files\Java\jdk-9\bin\jfxwebkit.dll
0x00007ff968a70000 - 0x00007ff968a87000 	C:\WINDOWS\SYSTEM32\CRYPTSP.dll
0x00007ff9684e0000 - 0x00007ff968513000 	C:\WINDOWS\system32\rsaenh.dll
0x00007ff968b80000 - 0x00007ff968bab000 	C:\WINDOWS\SYSTEM32\bcrypt.dll
0x00007ff968a90000 - 0x00007ff968a9b000 	C:\WINDOWS\SYSTEM32\CRYPTBASE.dll
0x00007ff968690000 - 0x00007ff968731000 	C:\WINDOWS\SYSTEM32\DNSAPI.dll
0x00007ff96ba00000 - 0x00007ff96ba08000 	C:\WINDOWS\System32\NSI.dll
0x00007ff968650000 - 0x00007ff968688000 	C:\WINDOWS\SYSTEM32\IPHLPAPI.DLL
0x00007ff962e40000 - 0x00007ff962e4a000 	C:\Windows\System32\rasadhlp.dll
0x00007ff966f50000 - 0x00007ff966fba000 	C:\WINDOWS\System32\fwpuclnt.dll
0x00007ff9603d0000 - 0x00007ff9603db000 	C:\Program Files\Java\jdk-9\bin\sunmscapi.dll
0x00007ff94d9d0000 - 0x00007ff94d9f3000 	C:\Program Files\Java\jdk-9\bin\sunec.dll
0x00007ff968750000 - 0x00007ff96876f000 	C:\WINDOWS\SYSTEM32\USERENV.dll
0x00007ff9666f0000 - 0x00007ff966706000 	C:\WINDOWS\SYSTEM32\dhcpcsvc6.DLL
0x00007ff9666d0000 - 0x00007ff9666ea000 	C:\WINDOWS\SYSTEM32\dhcpcsvc.DLL
0x00007ff954740000 - 0x00007ff9549a9000 	C:\WINDOWS\SYSTEM32\dwrite.dll
0x00007ff95d420000 - 0x00007ff95d5b2000 	C:\WINDOWS\SYSTEM32\dbghelp.dll

VM Arguments:
jvm_args: -javaagent:C:\Program Files\JetBrains\IntelliJ IDEA Community Edition 2017.2\lib\idea_rt.jar=59553:C:\Program Files\JetBrains\IntelliJ IDEA Community Edition 2017.2\bin -Dfile.encoding=UTF-8 
java_command: org.szelc.app.antstock.Main
java_class_path (initial): C:\github\antstock\AntStock\out\production\classes;C:\github\antstock\AntStock\out\production\resources;C:\Program Files\Java\jdk1.8.0_101\jre\lib\ext\jfxrt.jar;C:\Users\marcin.szelc\.gradle\caches\modules-2\files-2.1\org.jsoup\jsoup\1.10.3\b842f960942503cf1abbcc8c173a7f2c19d43726\jsoup-1.10.3.jar;C:\Users\marcin.szelc\.gradle\caches\modules-2\files-2.1\org.apache.logging.log4j\log4j-api\2.1\588c32c91544d80cc706447aa2b8037230114931\log4j-api-2.1.jar;C:\Users\marcin.szelc\.gradle\caches\modules-2\files-2.1\org.apache.logging.log4j\log4j-core\2.1\31823dcde108f2ea4a5801d1acc77869d7696533\log4j-core-2.1.jar;C:\Users\marcin.szelc\.gradle\caches\modules-2\files-2.1\log4j\log4j\1.2.17\5af35056b4d257e4b64b9e8069c0746e8b08629f\log4j-1.2.17.jar;C:\Users\marcin.szelc\.gradle\caches\modules-2\files-2.1\org.controlsfx\controlsfx\9.0.0\8e009b653a2a6eb3336016ad314c040e72395914\controlsfx-9.0.0.jar;C:\Users\marcin.szelc\.gradle\caches\modules-2\files-2.1\net.java.openjfx.backport\openjfx-78-backport\1.8.0-ea-b96.1\cb8170d5e9ecfa8c3355367a797aa60d6c6fbaca\openjfx-78-backport-1.8.0-ea-b96.1.jar;C:\Users\marcin.szelc\.gradle\caches\modules-2\files-2.1\commons-net\commons-net\3.3\cd0d5510908225f76c5fe5a3f1df4fa44866f81e\commons-net-3.3.jar;C:\Users\marcin.szelc\.gradle\caches\modules-2\files-2.1\org.apache.poi\poi\3.9\5d5e41354e88322e4bc590b31f3d2d1d52b3e6ac\poi-3.9.jar;C:\Users\marcin.szelc\.gradle\caches\modules-2\files-2.1\org.apache.poi\poi-ooxml\3.9\bbe83c739d22eecfacd06d7e0b99ba13277040ed\poi-ooxml-3.9.jar;C:\Users\marcin.szelc\.gradle\caches\modules-2\files-2.1\org.apache.poi\poi-ooxml-schemas\3.9\4c514498f0e82cccfdd3208b9caff2f45158db4a\poi-ooxml-schemas-3.9.jar;C:\Users\marcin.szelc\.gradle\caches\modules-2\files-2.1\commons-codec\commons-codec\1.5\cf993e250ff71804754ec2734a16f23c0be99f70\commons-codec-1.5.jar;C:\Users\marcin.szelc\.gradle\caches\modules-2\files-2.1\dom4j\dom4j\1.6.1\5d3ccc056b6f056dbf0dddfdf43894b9065a8f94\dom4j-1.6.1.jar;C:\Users
Launcher Type: SUN_STANDARD

Logging:
Log output configuration:
#0: stdout all=warning uptime,level,tags
#1: stderr all=off uptime,level,tags

Environment Variables:
JAVA_HOME=C:\Program Files\Java\jdk1.8.0_101
PATH=C:\ProgramData\Oracle\Java\javapath;C:\Program Files (x86)\Intel\iCLS Client\;C:\Program Files\Intel\iCLS Client\;C:\Program Files (x86)\Embarcadero\Studio\18.0\bin;C:\Users\marcin.szelc\Documents\Embarcadero\Studio\18.0\Bpl;C:\Program Files (x86)\RSA SecurID Token Common;C:\WINDOWS\system32;C:\WINDOWS;C:\WINDOWS\System32\Wbem;C:\WINDOWS\System32\WindowsPowerShell\v1.0\;C:\Users\marcin.szelc\Documents\Application\apache-maven-3.3.3;C:\Program Files\Calibre2\;C:\jdk1.4;C:\Program Files\leJOS EV3\bin;C:\Program Files\Microsoft SQL Server\130\Tools\Binn\;C:\Program Files (x86)\Microsoft SQL Server\90\Tools\binn\;C:\Program Files (x86)\Windows Kits\10\Windows Performance Toolkit\;C:\Program Files (x86)\Skype\Phone\;C:\Program Files (x86)\Intel\Intel(R) Management Engine Components\DAL;C:\Program Files\Intel\Intel(R) Management Engine Components\DAL;C:\Program Files (x86)\Intel\Intel(R) Management Engine Components\IPT;C:\Program Files\Intel\Intel(R) Management Engine Components\IPT;C:\Program Files\PuTTY\;C:\Program Files\TortoiseSVN\bin;C:\Program Files\VisualSVN Server\bin;C:\Program Files\TortoiseGit\bin;C:\Users\Public\Documents\Embarcadero\Studio\18.0\BPL;C:\Users\marcin.szelc\AppData\Local\Microsoft\WindowsApps;C:\Users\marcin.szelc\AppData\Local\GitHubDesktop\bin;C:\Program Files\Microsoft VS Code\bin;C:\ffmpeg\bin;C:\gradle-4.2.1\bin;C:\apache-maven-3.5.2\bin
USERNAME=marcin.szelc
OS=Windows_NT
PROCESSOR_IDENTIFIER=Intel64 Family 6 Model 60 Stepping 3, GenuineIntel



---------------  S Y S T E M  ---------------

OS: Windows 10 , 64 bit Build 14393 (10.0.14393.1198)

CPU:total 4 (initial active 4) (2 cores per cpu, 2 threads per core) family 6 model 60 stepping 3, cmov, cx8, fxsr, mmx, sse, sse2, sse3, ssse3, sse4.1, sse4.2, popcnt, avx, avx2, aes, clmul, erms, lzcnt, ht, tsc, tscinvbit, bmi1, bmi2, fma

Memory: 4k page, physical 8291720k(792276k free), swap 33457544k(8736k free)

vm_info: Java HotSpot(TM) 64-Bit Server VM (9+181) for windows-amd64 JRE (9+181), built on Aug  2 2017 21:30:51 by "javare" with MS VC++ 12.0 (VS2013)

END.
